[2025-04-20T22:16:08.771Z] [info] bob: Worker created (100-c205eec) - 0x40E9E4Bf6438f44d548F2F67bB0da5CBf017F5B3
[2025-04-20T22:16:08.771Z] [info] alice: Worker created (105-6eb1ce4) - 0x30C1D124607B177B0228a1e3ED8117a1B60fFF6C
[2025-04-20T22:16:08.835Z] [info] eve: Worker created (105-6eb1ce4) - 0xfe37AA5CccC9a5C065cDaeeC7b4cE2Ad9B1F2658
[2025-04-20T22:16:08.941Z] [info] ivy: Worker created (202-bed98df) - 0xd180C66d439BaF194336155E0038226d87c60954
[2025-04-20T22:16:09.067Z] [info] dave: Worker created (203-c24af30) - 0x08ed606A1398bc2D6FD2F4463582BF3D597bb57b
[2025-04-20T22:16:09.925Z] [info] Fetching group with ID bfda457394be0826f32a8eb2ed363c5d
[2025-04-20T22:16:09.927Z] [info] Group bfda457394be0826f32a8eb2ed363c5d has 9 members
[2025-04-20T22:16:11.734Z] [info] getOrCreateGroup - Duration: 1808.8730420000002ms
[2025-04-20T22:16:11.734Z] [warn] getOrCreateGroup 1.809s
[2025-04-20T22:16:12.366Z] [info] alice sending: "alice:1" to group bfda457394be0826f32a8eb2ed363c5d
[2025-04-20T22:16:13.444Z] [info] sendMessageToGroup for alice - Duration: 1709.7114579999998ms
[2025-04-20T22:16:13.444Z] [warn] sendMessageToGroup-alice 1.710s
[2025-04-20T22:16:13.445Z] [info] bob will add/remove alice
[2025-04-20T22:16:18.313Z] [info] Epoch 0 - Duration: 3765.477834000001ms
[2025-04-20T22:16:18.313Z] [warn] Epoch 0 done
[2025-04-20T22:16:21.593Z] [info] Epoch 1 - Duration: 3279.8903329999994ms
[2025-04-20T22:16:21.593Z] [warn] Epoch 1 done
[2025-04-20T22:16:25.168Z] [info] Epoch 2 - Duration: 3573.8613330000007ms
[2025-04-20T22:16:25.168Z] [warn] Epoch 2 done
[2025-04-20T22:16:28.660Z] [info] Epoch 3 - Duration: 3491.382125ms
[2025-04-20T22:16:28.660Z] [warn] Epoch 3 done
[2025-04-20T22:16:32.156Z] [info] Epoch 4 - Duration: 3495.877792000003ms
[2025-04-20T22:16:32.156Z] [warn] Epoch 4 done
[2025-04-20T22:16:35.414Z] [info] Epoch 5 - Duration: 3257.1659999999974ms
[2025-04-20T22:16:35.415Z] [warn] Epoch 5 done
[2025-04-20T22:16:35.415Z] [info] membershipChange for bob and alice - Duration: 21970.27175ms
[2025-04-20T22:16:35.415Z] [warn] membershipChange-bob-alice 21.971s
[2025-04-20T22:16:36.230Z] [info] eve sending: "eve:2" to group bfda457394be0826f32a8eb2ed363c5d
[2025-04-20T22:16:37.524Z] [info] sendMessageToGroup for eve - Duration: 2108.7834169999987ms
[2025-04-20T22:16:37.525Z] [warn] sendMessageToGroup-eve 2.109s
[2025-04-20T22:16:37.525Z] [info] bob will add/remove eve
[2025-04-20T22:16:42.055Z] [info] Epoch 0 - Duration: 3461.595583999995ms
[2025-04-20T22:16:42.055Z] [warn] Epoch 0 done
[2025-04-20T22:16:45.295Z] [info] Epoch 1 - Duration: 3239.4800410000025ms
[2025-04-20T22:16:45.295Z] [warn] Epoch 1 done
[2025-04-20T22:16:48.468Z] [info] Epoch 2 - Duration: 3172.772250000002ms
[2025-04-20T22:16:48.468Z] [warn] Epoch 2 done
[2025-04-20T22:16:51.567Z] [info] Epoch 3 - Duration: 3097.725249999996ms
[2025-04-20T22:16:51.567Z] [warn] Epoch 3 done
[2025-04-20T22:16:55.147Z] [info] Epoch 4 - Duration: 3579.6351249999934ms
[2025-04-20T22:16:55.147Z] [warn] Epoch 4 done
[2025-04-20T22:16:58.687Z] [info] Epoch 5 - Duration: 3540.3639580000017ms
[2025-04-20T22:16:58.687Z] [warn] Epoch 5 done
[2025-04-20T22:16:58.687Z] [info] membershipChange for bob and eve - Duration: 21162.664167000003ms
[2025-04-20T22:16:58.687Z] [warn] membershipChange-bob-eve 21.163s
[2025-04-20T22:16:59.440Z] [info] ivy sending: "ivy:3" to group bfda457394be0826f32a8eb2ed363c5d
[2025-04-20T22:17:00.417Z] [info] sendMessageToGroup for ivy - Duration: 1729.4612500000003ms
[2025-04-20T22:17:00.417Z] [warn] sendMessageToGroup-ivy 1.730s
[2025-04-20T22:17:00.417Z] [info] bob will add/remove ivy
[2025-04-20T22:17:04.719Z] [info] Epoch 0 - Duration: 3269.777374999998ms
[2025-04-20T22:17:04.719Z] [warn] Epoch 0 done
[2025-04-20T22:17:08.080Z] [info] Epoch 1 - Duration: 3360.573583000005ms
[2025-04-20T22:17:08.080Z] [warn] Epoch 1 done
[2025-04-20T22:17:11.577Z] [info] Epoch 2 - Duration: 3496.395792000003ms
[2025-04-20T22:17:11.577Z] [warn] Epoch 2 done
[2025-04-20T22:17:14.834Z] [info] Epoch 3 - Duration: 3256.966625000001ms
[2025-04-20T22:17:14.834Z] [warn] Epoch 3 done
[2025-04-20T22:17:18.416Z] [info] Epoch 4 - Duration: 3581.845166999992ms
[2025-04-20T22:17:18.416Z] [warn] Epoch 4 done
[2025-04-20T22:17:21.827Z] [info] Epoch 5 - Duration: 3410.480416999999ms
[2025-04-20T22:17:21.827Z] [warn] Epoch 5 done
[2025-04-20T22:17:21.827Z] [info] membershipChange for bob and ivy - Duration: 21409.51275ms
[2025-04-20T22:17:21.827Z] [warn] membershipChange-bob-ivy 21.410s
[2025-04-20T22:17:22.625Z] [info] initialize workers and create group - Duration: 76083.80158300001ms
[2025-04-20T22:17:22.625Z] [warn] initialize workers and create group 1:16.084 (m:ss.mmm)