[2025-02-28T00:45:09.160Z] [info] [PersonaFactory] Using env keys for alice: 0xb163...
[2025-02-28T00:45:09.160Z] [info] [PersonaFactory] Using env keys for bob: 0xd335...
[2025-02-28T00:45:09.160Z] [info] [PersonaFactory] Generating new keys for charlie
[2025-02-28T00:45:09.201Z] [info] [PersonaFactory] Generating new keys for dave
[2025-02-28T00:45:09.202Z] [info] [PersonaFactory] Generating new keys for eve
[2025-02-28T00:45:09.207Z] [info] [PersonaFactory] Generating new keys for random
[2025-02-28T00:45:09.234Z] [warn] Creating directory /Users/fabrizioguespe/DevRel/qa-testing/.data/charlie
[2025-02-28T00:45:09.235Z] [warn] Creating directory /Users/fabrizioguespe/DevRel/qa-testing/.data/dave
[2025-02-28T00:45:09.235Z] [warn] Creating directory /Users/fabrizioguespe/DevRel/qa-testing/.data/eve
[2025-02-28T00:45:12.756Z] [warn] [bob-a] Create XMTP client v:436360a 3.522s
[2025-02-28T00:45:12.756Z] [info] [bob-a] Start consent stream
[2025-02-28T00:45:12.756Z] [info] [bob-a] Consent stream started
[2025-02-28T00:45:12.757Z] [warn] [bob-a] Initialize XMTP client 3.530s
[2025-02-28T00:45:13.871Z] [warn] [alice-a] Create XMTP client v:436360a 4.636s
[2025-02-28T00:45:13.871Z] [info] [alice-a] Start consent stream
[2025-02-28T00:45:13.871Z] [info] [alice-a] Consent stream started
[2025-02-28T00:45:13.871Z] [warn] [alice-a] Initialize XMTP client 4.646s
[2025-02-28T00:45:14.957Z] [warn] [charlie-a] Create XMTP client v:436360a 5.722s
[2025-02-28T00:45:14.957Z] [info] [charlie-a] Start consent stream
[2025-02-28T00:45:14.957Z] [info] [charlie-a] Consent stream started
[2025-02-28T00:45:14.957Z] [warn] [charlie-a] Initialize XMTP client 5.731s
[2025-02-28T00:45:15.104Z] [warn] [eve-a] Create XMTP client v:436360a 5.869s
[2025-02-28T00:45:15.104Z] [info] [eve-a] Start consent stream
[2025-02-28T00:45:15.104Z] [info] [eve-a] Consent stream started
[2025-02-28T00:45:15.104Z] [warn] [eve-a] Initialize XMTP client 5.876s
[2025-02-28T00:45:15.365Z] [warn] [dave-a] Create XMTP client v:436360a 6.130s
[2025-02-28T00:45:15.365Z] [info] [dave-a] Start consent stream
[2025-02-28T00:45:15.366Z] [info] [dave-a] Consent stream started
[2025-02-28T00:45:15.366Z] [warn] [dave-a] Initialize XMTP client 6.138s
[2025-02-28T00:45:15.771Z] [warn] [random-a] Create XMTP client v:436360a 6.536s
[2025-02-28T00:45:15.771Z] [info] [random-a] Start consent stream
[2025-02-28T00:45:15.771Z] [info] [random-a] Consent stream started
[2025-02-28T00:45:15.771Z] [warn] [random-a] Initialize XMTP client 6.543s
[2025-02-28T00:45:15.772Z] [info] Creating DM conversation with address: 0x23A4551d7Ab6E698E6897f5B524Dd52235aC7BB9
[2025-02-28T00:45:16.046Z] [info] Creating a group conversation...
[2025-02-28T00:45:18.503Z] [warn] create-group 2.458s
[2025-02-28T00:45:18.504Z] [info] Group created with 5 members
[2025-02-28T00:45:18.504Z] [info] [alice-a] Collecting 1 consent updates
[2025-02-28T00:45:18.504Z] [info] Alice is blocking the group...
[2025-02-28T00:45:18.505Z] [info] [alice-a] Received consent update: [{"entityType":0,"state":2,"entity":"fdb976bd4bf5aa3e4aed8cd558195fd9"}]
[2025-02-28T00:45:18.505Z] [info] Alice's consent state for the group: 2
[2025-02-28T00:45:18.505Z] [info] Testing individual member consent states...
[2025-02-28T00:45:18.809Z] [warn] block-bob 304.294ms
[2025-02-28T00:45:19.170Z] [info] Alice's consent state for Bob is : denied
[2025-02-28T00:45:19.170Z] [warn] get-bob-consent 360.387ms
[2025-02-28T00:45:19.170Z] [info] All consent updates received: 1
[2025-02-28T00:45:19.170Z] [info] Unblocking all entities...
[2025-02-28T00:45:19.569Z] [warn] unblock-all 399.002ms
[2025-02-28T00:45:19.569Z] [info] Final group consent state: 1
[2025-02-28T00:45:20.728Z] [info] {"DNS Lookup":0.001798,"TCP Connection":0.001988,"TLS Handshake":0.628135,"Server Processing":0.930031,"Content Transfer":0.930047}
[2025-02-28T00:45:20.728Z] [warn] total: 930.0469999999999ms, tls: 628.135ms, processing: 301.9119999999999ms