[2025-03-06T19:37:18.109Z] [info] envPath .env
[2025-03-06T19:37:18.112Z] [info] [PersonaFactory] Using env keys for henry: 0xcbfe...
[2025-03-06T19:37:18.112Z] [info] [PersonaFactory] Using env keys for ivy: 0x5dfb...
[2025-03-06T19:37:18.112Z] [info] [PersonaFactory] Using env keys for jack: 0x7b92...
[2025-03-06T19:37:18.112Z] [info] [PersonaFactory] Using env keys for karen: 0xeff4...
[2025-03-06T19:37:18.113Z] [info] [PersonaFactory] Generating new keys for randomguy
[2025-03-06T19:37:18.139Z] [info] [PersonaFactory] Using env keys for larry: 0x2545...
[2025-03-06T19:37:18.139Z] [info] [PersonaFactory] Using env keys for mary: 0xbba0...
[2025-03-06T19:37:18.139Z] [info] [PersonaFactory] Using env keys for nancy: 0x1ceb...
[2025-03-06T19:37:18.139Z] [info] [PersonaFactory] Using env keys for oscar: 0x0060...
[2025-03-06T19:37:18.157Z] [warn] Creating directory /Users/fabrizioguespe/qa-testing/.data/henry
[2025-03-06T19:37:18.157Z] [warn] Creating directory /Users/fabrizioguespe/qa-testing/.data/ivy
[2025-03-06T19:37:18.158Z] [warn] Creating directory /Users/fabrizioguespe/qa-testing/.data/jack
[2025-03-06T19:37:18.158Z] [warn] Creating directory /Users/fabrizioguespe/qa-testing/.data/karen
[2025-03-06T19:37:18.159Z] [warn] Creating directory /Users/fabrizioguespe/qa-testing/.data/randomguy
[2025-03-06T19:37:18.159Z] [warn] Creating directory /Users/fabrizioguespe/qa-testing/.data/larry
[2025-03-06T19:37:18.159Z] [warn] Creating directory /Users/fabrizioguespe/qa-testing/.data/mary
[2025-03-06T19:37:18.159Z] [warn] Creating directory /Users/fabrizioguespe/qa-testing/.data/nancy
[2025-03-06T19:37:18.159Z] [warn] Creating directory /Users/fabrizioguespe/qa-testing/.data/oscar
[2025-03-06T19:37:21.972Z] [warn] [randomguy-a] Create XMTP client v:undefined 3.814s
[2025-03-06T19:37:21.973Z] [info] [randomguy-a] Start consent stream
[2025-03-06T19:37:21.973Z] [info] [randomguy-a] Consent stream started
[2025-03-06T19:37:21.973Z] [warn] [randomguy-a] Initialize XMTP client 3.823s
[2025-03-06T19:37:22.009Z] [warn] [karen-a] Create XMTP client v:undefined 3.851s
[2025-03-06T19:37:22.009Z] [info] [karen-a] Start consent stream
[2025-03-06T19:37:22.009Z] [info] [karen-a] Consent stream started
[2025-03-06T19:37:22.009Z] [warn] [karen-a] Initialize XMTP client 3.861s
[2025-03-06T19:37:22.049Z] [warn] [henry-a] Create XMTP client v:undefined 3.892s
[2025-03-06T19:37:22.049Z] [info] [henry-a] Start consent stream
[2025-03-06T19:37:22.049Z] [info] [henry-a] Consent stream started
[2025-03-06T19:37:22.049Z] [warn] [henry-a] Initialize XMTP client 3.907s
[2025-03-06T19:37:22.161Z] [warn] [ivy-a] Create XMTP client v:undefined 4.004s
[2025-03-06T19:37:22.161Z] [info] [ivy-a] Start consent stream
[2025-03-06T19:37:22.161Z] [info] [ivy-a] Consent stream started
[2025-03-06T19:37:22.161Z] [warn] [ivy-a] Initialize XMTP client 4.016s
[2025-03-06T19:37:22.162Z] [warn] [jack-a] Create XMTP client v:undefined 4.003s
[2025-03-06T19:37:22.162Z] [info] [jack-a] Start consent stream
[2025-03-06T19:37:22.162Z] [info] [jack-a] Consent stream started
[2025-03-06T19:37:22.162Z] [warn] [jack-a] Initialize XMTP client 4.015s
[2025-03-06T19:37:22.211Z] [warn] [nancy-a] Create XMTP client v:undefined 4.052s
[2025-03-06T19:37:22.211Z] [info] [nancy-a] Start consent stream
[2025-03-06T19:37:22.211Z] [info] [nancy-a] Consent stream started
[2025-03-06T19:37:22.211Z] [warn] [nancy-a] Initialize XMTP client 4.057s
[2025-03-06T19:37:22.301Z] [warn] [oscar-a] Create XMTP client v:undefined 4.142s
[2025-03-06T19:37:22.301Z] [info] [oscar-a] Start consent stream
[2025-03-06T19:37:22.301Z] [info] [oscar-a] Consent stream started
[2025-03-06T19:37:22.302Z] [warn] [oscar-a] Initialize XMTP client 4.147s
[2025-03-06T19:37:22.350Z] [warn] [larry-a] Create XMTP client v:undefined 4.191s
[2025-03-06T19:37:22.350Z] [info] [larry-a] Start consent stream
[2025-03-06T19:37:22.350Z] [info] [larry-a] Consent stream started
[2025-03-06T19:37:22.350Z] [warn] [larry-a] Initialize XMTP client 4.199s
[2025-03-06T19:37:22.416Z] [warn] [mary-a] Create XMTP client v:undefined 4.257s
[2025-03-06T19:37:22.416Z] [info] [mary-a] Start consent stream
[2025-03-06T19:37:22.416Z] [info] [mary-a] Consent stream started
[2025-03-06T19:37:22.416Z] [warn] [mary-a] Initialize XMTP client 4.264s
[2025-03-06T19:37:22.417Z] [info] henry 0x568b42a484BEddD52D414D581D883E070210A93f
[2025-03-06T19:37:22.417Z] [info] ivy 0x450ed7301240C0E65c91419389be28eD40D857C0
[2025-03-06T19:37:22.417Z] [info] jack 0x8c023F6E2d01BF2A4E111eDD90Ec097Ccb90C91A
[2025-03-06T19:37:22.417Z] [info] karen 0xb0e70A632Ae8AaFd15F71Bc43c33B59D4F9495E2
[2025-03-06T19:37:22.417Z] [info] randomguy 0xf020FAFd8AAa50F895363335675D6Db5cdC9436C
[2025-03-06T19:37:22.417Z] [info] larry 0x421C33A72A279A5ed06417e015d20A27F3987F07
[2025-03-06T19:37:22.417Z] [info] mary 0x5a3060b08d2bCB0CB22c917137a7c231a3817DbE
[2025-03-06T19:37:22.417Z] [info] nancy 0x7D8c9c4C693be93C87c5169085665201E1141D9C
[2025-03-06T19:37:22.417Z] [info] oscar 0x6d56c4B96Afc896564e890B0B3938970ab3b8770
[2025-03-06T19:37:22.418Z] [info] Creating DM conversation with address: 0xf020FAFd8AAa50F895363335675D6Db5cdC9436C
[2025-03-06T19:37:24.423Z] [info] [henry-a] Collecting 1 consent updates
[2025-03-06T19:37:24.737Z] [info] Consent state: 0
[2025-03-06T19:37:24.737Z] [warn] get-initial-consent 314.001ms
[2025-03-06T19:37:24.737Z] [info] Alice is allowing Bob...
[2025-03-06T19:37:25.104Z] [info] [henry-a] Received consent update: [{"entityType":1,"state":1,"entity":"0dacc4cb4fea3f3a68b429ae272de8b5c114bfbbc74620c8abd302e86459b6db"},{"entityType":2,"state":1,"entity":"0xf020FAFd8AAa50F895363335675D6Db5cdC9436C"}]
[2025-03-06T19:37:25.104Z] [warn] set-consent-state 366.408ms
[2025-03-06T19:37:25.474Z] [warn] get-updated-consent 370.154ms
[2025-03-06T19:37:25.474Z] [info] Consent updates: [{"type":"stream_consent","consentUpdate":[{"entityType":1,"state":1,"entity":"0dacc4cb4fea3f3a68b429ae272de8b5c114bfbbc74620c8abd302e86459b6db"},{"entityType":2,"state":1,"entity":"0xf020FAFd8AAa50F895363335675D6Db5cdC9436C"}]}]
[2025-03-06T19:37:25.475Z] [info] Creating a group conversation...
[2025-03-06T19:37:28.817Z] [warn] create-group 3.340s
[2025-03-06T19:37:28.819Z] [info] Group created with 5 members
[2025-03-06T19:37:28.820Z] [info] [henry-a] Collecting 1 consent updates
[2025-03-06T19:37:28.820Z] [info] Alice is blocking the group...
[2025-03-06T19:37:28.821Z] [info] [henry-a] Received consent update: [{"entityType":0,"state":2,"entity":"cf2b953de2b8d8a465c19c632fb0d600"}]
[2025-03-06T19:37:28.821Z] [info] Alice's consent state for the group: 2
[2025-03-06T19:37:28.821Z] [info] Testing individual member consent states...
[2025-03-06T19:37:29.190Z] [warn] block-bob 368.269ms
[2025-03-06T19:37:29.573Z] [info] Alice's consent state for Bob is : denied
[2025-03-06T19:37:29.573Z] [warn] get-bob-consent 383.51ms
[2025-03-06T19:37:29.573Z] [info] All consent updates received: 1
[2025-03-06T19:37:29.573Z] [info] Unblocking all entities...
[2025-03-06T19:37:29.945Z] [warn] unblock-all 370.749ms
[2025-03-06T19:37:29.946Z] [info] Final group consent state: 1