[2025-02-27T19:45:30.325Z] [info] [PersonaFactory] Using env keys for fabri: 0x953d...
[2025-02-27T19:45:30.325Z] [info] [PersonaFactory] Using env keys for bot: 0xf95d...
[2025-02-27T19:45:30.325Z] [info] [PersonaFactory] Using env keys for elon: 0x9e7e...
[2025-02-27T19:45:30.325Z] [info] [PersonaFactory] Using env keys for alice: 0x6b39...
[2025-02-27T19:45:30.325Z] [info] [PersonaFactory] Using env keys for bob: 0x2ff7...
[2025-02-27T19:45:30.325Z] [info] [PersonaFactory] Using env keys for joe: 0x5997...
[2025-02-27T19:45:30.325Z] [info] [PersonaFactory] Using env keys for charlie: 0x0ae0...
[2025-02-27T19:45:30.325Z] [info] [PersonaFactory] Using env keys for dave: 0x5b2a...
[2025-02-27T19:45:30.325Z] [info] [PersonaFactory] Using env keys for rosalie: 0xaf76...
[2025-02-27T19:45:30.325Z] [info] [PersonaFactory] Using env keys for eve: 0x9423...
[2025-02-27T19:45:32.186Z] [warn] [elon-a] Create XMTP client v:436360a 1.805s
[2025-02-27T19:45:32.521Z] [warn] [joe-a] Create XMTP client v:436360a 2.139s
[2025-02-27T19:45:32.552Z] [warn] [alice-a] Create XMTP client v:436360a 2.171s
[2025-02-27T19:45:32.576Z] [warn] [elon-a] Start message stream 388.676ms
[2025-02-27T19:45:32.576Z] [info] [elon-a] Message stream started
[2025-02-27T19:45:32.576Z] [warn] [elon-a] Start stream 389.453ms
[2025-02-27T19:45:32.576Z] [warn] [elon-a] Initialize XMTP client 2.204s
[2025-02-27T19:45:32.730Z] [warn] [fabri-a] Create XMTP client v:436360a 2.348s
[2025-02-27T19:45:32.799Z] [warn] [bob-a] Create XMTP client v:436360a 2.417s
[2025-02-27T19:45:32.886Z] [warn] [eve-a] Create XMTP client v:436360a 2.504s
[2025-02-27T19:45:32.904Z] [warn] [dave-a] Create XMTP client v:436360a 2.522s
[2025-02-27T19:45:32.914Z] [warn] [joe-a] Start message stream 392.184ms
[2025-02-27T19:45:32.914Z] [info] [joe-a] Message stream started
[2025-02-27T19:45:32.914Z] [warn] [joe-a] Start stream 392.684ms
[2025-02-27T19:45:32.914Z] [warn] [joe-a] Initialize XMTP client 2.539s
[2025-02-27T19:45:32.915Z] [info] [fabri-a] Message stream started
[2025-02-27T19:45:32.915Z] [warn] [fabri-a] Initialize XMTP client 2.584s
[2025-02-27T19:45:32.946Z] [warn] [charlie-a] Create XMTP client v:436360a 2.563s
[2025-02-27T19:45:32.961Z] [warn] [alice-a] Start message stream 408.156ms
[2025-02-27T19:45:32.961Z] [info] [alice-a] Message stream started
[2025-02-27T19:45:32.961Z] [warn] [alice-a] Start stream 409.1ms
[2025-02-27T19:45:32.962Z] [warn] [alice-a] Initialize XMTP client 2.589s
[2025-02-27T19:45:33.002Z] [warn] [rosalie-a] Create XMTP client v:436360a 2.620s
[2025-02-27T19:45:33.108Z] [warn] [bot-a] Create XMTP client v:436360a 2.726s
[2025-02-27T19:45:33.210Z] [warn] [bob-a] Start message stream 409.776ms
[2025-02-27T19:45:33.210Z] [info] [bob-a] Message stream started
[2025-02-27T19:45:33.210Z] [warn] [bob-a] Start stream 410.816ms
[2025-02-27T19:45:33.210Z] [warn] [bob-a] Initialize XMTP client 2.836s
[2025-02-27T19:45:33.294Z] [warn] [eve-a] Start message stream 407.847ms
[2025-02-27T19:45:33.295Z] [info] [eve-a] Message stream started
[2025-02-27T19:45:33.295Z] [warn] [eve-a] Start stream 408.966ms
[2025-02-27T19:45:33.295Z] [warn] [eve-a] Initialize XMTP client 2.915s
[2025-02-27T19:45:33.296Z] [warn] [dave-a] Start message stream 392.062ms
[2025-02-27T19:45:33.296Z] [info] [dave-a] Message stream started
[2025-02-27T19:45:33.296Z] [warn] [dave-a] Start stream 392.321ms
[2025-02-27T19:45:33.296Z] [warn] [dave-a] Initialize XMTP client 2.919s
[2025-02-27T19:45:33.357Z] [warn] [charlie-a] Start message stream 409.664ms
[2025-02-27T19:45:33.357Z] [info] [charlie-a] Message stream started
[2025-02-27T19:45:33.357Z] [warn] [charlie-a] Start stream 410.019ms
[2025-02-27T19:45:33.357Z] [warn] [charlie-a] Initialize XMTP client 2.980s
[2025-02-27T19:45:33.395Z] [warn] [rosalie-a] Start message stream 392.989ms
[2025-02-27T19:45:33.395Z] [info] [rosalie-a] Message stream started
[2025-02-27T19:45:33.395Z] [warn] [rosalie-a] Start stream 393.316ms
[2025-02-27T19:45:33.395Z] [warn] [rosalie-a] Initialize XMTP client 3.016s
[2025-02-27T19:45:33.519Z] [warn] [bot-a] Start message stream 411.089ms
[2025-02-27T19:45:33.519Z] [info] [bot-a] Message stream started
[2025-02-27T19:45:33.519Z] [warn] [bot-a] Start stream 411.553ms
[2025-02-27T19:45:33.520Z] [warn] [bot-a] Initialize XMTP client 3.150s
[2025-02-27T19:45:33.520Z] [warn] personas creation 3.197s
[2025-02-27T19:45:37.472Z] [warn] syncing 614.273ms
[2025-02-27T19:45:37.472Z] [info] [PersonaFactory] Using env keys for fabri: 0x953d...
[2025-02-27T19:45:39.215Z] [warn] [fabri-a] Create XMTP client v:436360a 1.742s
[2025-02-27T19:45:39.215Z] [info] [fabri-a] No stream started
[2025-02-27T19:45:39.215Z] [warn] [fabri-a] Initialize XMTP client 1.743s
[2025-02-27T19:45:39.215Z] [info] Created base persona: fabri
[2025-02-27T19:45:39.215Z] [info] Wallet address: 0xAfb03afbAE5e25caD0F6f8997FDB7FF63Afd24dC
[2025-02-27T19:45:39.216Z] [info] [PersonaFactory] Using env keys for fabri: 0x953d...
[2025-02-27T19:45:41.346Z] [warn] [fabri-a-a] Create XMTP client v:436360a 2.128s
[2025-02-27T19:45:41.347Z] [info] [fabri-a-a] No stream started
[2025-02-27T19:45:41.347Z] [warn] [fabri-a-a] Initialize XMTP client 2.131s
[2025-02-27T19:45:41.348Z] [info] [PersonaFactory] Using env keys for fabri: 0x953d...
[2025-02-27T19:45:43.465Z] [warn] [fabri-b-b] Create XMTP client v:436360a 2.114s
[2025-02-27T19:45:43.465Z] [info] [fabri-b-b] No stream started
[2025-02-27T19:45:43.465Z] [warn] [fabri-b-b] Initialize XMTP client 2.116s
[2025-02-27T19:45:43.465Z] [info] [PersonaFactory] Using env keys for fabri: 0x953d...
[2025-02-27T19:45:45.381Z] [warn] [fabri-c-c] Create XMTP client v:436360a 1.914s
[2025-02-27T19:45:45.381Z] [info] [fabri-c-c] No stream started
[2025-02-27T19:45:45.381Z] [warn] [fabri-c-c] Initialize XMTP client 1.916s
[2025-02-27T19:45:45.382Z] [info] [PersonaFactory] Using env keys for fabri: 0x953d...
[2025-02-27T19:45:47.633Z] [warn] [fabri-d-d] Create XMTP client v:436360a 2.250s
[2025-02-27T19:45:47.633Z] [info] [fabri-d-d] No stream started
[2025-02-27T19:45:47.633Z] [warn] [fabri-d-d] Initialize XMTP client 2.251s
[2025-02-27T19:45:47.633Z] [info] [PersonaFactory] Using env keys for fabri: 0x953d...
[2025-02-27T19:45:49.801Z] [warn] [fabri-e-e] Create XMTP client v:436360a 2.167s
[2025-02-27T19:45:49.801Z] [info] [fabri-e-e] No stream started
[2025-02-27T19:45:49.801Z] [warn] [fabri-e-e] Initialize XMTP client 2.168s
[2025-02-27T19:45:49.803Z] [warn] installation creation 12.331s
[2025-02-27T19:45:49.803Z] [info] Name: fabri-a, Installation ID: a, DB Path: /Users/fabrizioguespe/DevRel/qa-testing/.data/fabri/fabri-a-0xAfb03afbAE5e25caD0F6f8997FDB7FF63Afd24dC-44-436360a-dev
[2025-02-27T19:45:49.803Z] [info] Name: fabri-b, Installation ID: b, DB Path: /Users/fabrizioguespe/DevRel/qa-testing/.data/fabri/fabri-b-0xAfb03afbAE5e25caD0F6f8997FDB7FF63Afd24dC-44-436360a-dev
[2025-02-27T19:45:49.803Z] [info] Name: fabri-c, Installation ID: c, DB Path: /Users/fabrizioguespe/DevRel/qa-testing/.data/fabri/fabri-c-0xAfb03afbAE5e25caD0F6f8997FDB7FF63Afd24dC-44-436360a-dev
[2025-02-27T19:45:49.803Z] [info] Name: fabri-d, Installation ID: d, DB Path: /Users/fabrizioguespe/DevRel/qa-testing/.data/fabri/fabri-d-0xAfb03afbAE5e25caD0F6f8997FDB7FF63Afd24dC-44-436360a-dev
[2025-02-27T19:45:49.803Z] [info] Name: fabri-e, Installation ID: e, DB Path: /Users/fabrizioguespe/DevRel/qa-testing/.data/fabri/fabri-e-0xAfb03afbAE5e25caD0F6f8997FDB7FF63Afd24dC-44-436360a-dev
[2025-02-27T19:45:52.230Z] [warn] adding members 2.236s
[2025-02-27T19:45:52.964Z] [warn] syncing 733.715ms
[2025-02-27T19:45:52.968Z] [info] Total installations: 36
[2025-02-27T19:45:54.168Z] [warn] message sending 1.199s
[2025-02-27T19:45:54.520Z] [warn] syncing 350.312ms
[2025-02-27T19:45:54.521Z] [info] [PersonaFactory] Using env keys for bot: 0xf95d...
[2025-02-27T19:45:56.640Z] [warn] [bot-a] Create XMTP client v:436360a 2.116s
[2025-02-27T19:45:56.640Z] [info] [bot-a] No stream started
[2025-02-27T19:45:56.640Z] [warn] [bot-a] Initialize XMTP client 2.119s
[2025-02-27T19:45:56.640Z] [info] Created base persona: bot
[2025-02-27T19:45:56.640Z] [info] Wallet address: 0x909acdf0746384Dd164D007c68c0662581d7C13D
[2025-02-27T19:45:56.641Z] [info] [PersonaFactory] Using env keys for bot: 0xf95d...
[2025-02-27T19:45:58.626Z] [warn] [bot-a-a] Create XMTP client v:436360a 1.984s
[2025-02-27T19:45:58.626Z] [info] [bot-a-a] No stream started
[2025-02-27T19:45:58.626Z] [warn] [bot-a-a] Initialize XMTP client 1.985s
[2025-02-27T19:45:58.627Z] [info] [PersonaFactory] Using env keys for bot: 0xf95d...
[2025-02-27T19:46:00.933Z] [warn] [bot-b-b] Create XMTP client v:436360a 2.305s
[2025-02-27T19:46:00.933Z] [info] [bot-b-b] No stream started
[2025-02-27T19:46:00.933Z] [warn] [bot-b-b] Initialize XMTP client 2.306s
[2025-02-27T19:46:00.933Z] [info] [PersonaFactory] Using env keys for bot: 0xf95d...
[2025-02-27T19:46:03.039Z] [warn] [bot-c-c] Create XMTP client v:436360a 2.104s
[2025-02-27T19:46:03.039Z] [info] [bot-c-c] No stream started
[2025-02-27T19:46:03.039Z] [warn] [bot-c-c] Initialize XMTP client 2.105s
[2025-02-27T19:46:03.040Z] [info] [PersonaFactory] Using env keys for bot: 0xf95d...
[2025-02-27T19:46:05.209Z] [warn] [bot-d-d] Create XMTP client v:436360a 2.166s
[2025-02-27T19:46:05.209Z] [info] [bot-d-d] No stream started
[2025-02-27T19:46:05.209Z] [warn] [bot-d-d] Initialize XMTP client 2.167s
[2025-02-27T19:46:05.209Z] [info] [PersonaFactory] Using env keys for bot: 0xf95d...
[2025-02-27T19:46:07.326Z] [warn] [bot-e-e] Create XMTP client v:436360a 2.116s
[2025-02-27T19:46:07.326Z] [info] [bot-e-e] No stream started
[2025-02-27T19:46:07.326Z] [warn] [bot-e-e] Initialize XMTP client 2.117s
[2025-02-27T19:46:07.327Z] [warn] installation creation 12.807s
[2025-02-27T19:46:07.327Z] [info] Name: bot-a, Installation ID: a, DB Path: /Users/fabrizioguespe/DevRel/qa-testing/.data/bot/bot-a-0x909acdf0746384Dd164D007c68c0662581d7C13D-44-436360a-dev
[2025-02-27T19:46:07.327Z] [info] Name: bot-b, Installation ID: b, DB Path: /Users/fabrizioguespe/DevRel/qa-testing/.data/bot/bot-b-0x909acdf0746384Dd164D007c68c0662581d7C13D-44-436360a-dev
[2025-02-27T19:46:07.327Z] [info] Name: bot-c, Installation ID: c, DB Path: /Users/fabrizioguespe/DevRel/qa-testing/.data/bot/bot-c-0x909acdf0746384Dd164D007c68c0662581d7C13D-44-436360a-dev
[2025-02-27T19:46:07.327Z] [info] Name: bot-d, Installation ID: d, DB Path: /Users/fabrizioguespe/DevRel/qa-testing/.data/bot/bot-d-0x909acdf0746384Dd164D007c68c0662581d7C13D-44-436360a-dev
[2025-02-27T19:46:07.327Z] [info] Name: bot-e, Installation ID: e, DB Path: /Users/fabrizioguespe/DevRel/qa-testing/.data/bot/bot-e-0x909acdf0746384Dd164D007c68c0662581d7C13D-44-436360a-dev
[2025-02-27T19:46:09.427Z] [warn] adding members 1.915s
[2025-02-27T19:46:09.828Z] [warn] syncing 401.734ms
[2025-02-27T19:46:09.830Z] [info] Total installations: 36
[2025-02-27T19:46:10.827Z] [warn] message sending 997.314ms
[2025-02-27T19:46:11.223Z] [warn] syncing 395.384ms
[2025-02-27T19:46:11.224Z] [info] [PersonaFactory] Using env keys for elon: 0x9e7e...
[2025-02-27T19:46:13.408Z] [warn] [elon-a] Create XMTP client v:436360a 2.182s
[2025-02-27T19:46:13.408Z] [info] [elon-a] No stream started
[2025-02-27T19:46:13.408Z] [warn] [elon-a] Initialize XMTP client 2.183s
[2025-02-27T19:46:13.408Z] [info] Created base persona: elon
[2025-02-27T19:46:13.408Z] [info] Wallet address: 0x5bC306E68a5f333394509713dD94d5B16fD2B030
[2025-02-27T19:46:13.408Z] [info] [PersonaFactory] Using env keys for elon: 0x9e7e...
[2025-02-27T19:46:15.365Z] [warn] [elon-a-a] Create XMTP client v:436360a 1.956s
[2025-02-27T19:46:15.365Z] [info] [elon-a-a] No stream started
[2025-02-27T19:46:15.365Z] [warn] [elon-a-a] Initialize XMTP client 1.956s
[2025-02-27T19:46:15.365Z] [info] [PersonaFactory] Using env keys for elon: 0x9e7e...
[2025-02-27T19:46:17.286Z] [warn] [elon-b-b] Create XMTP client v:436360a 1.920s
[2025-02-27T19:46:17.286Z] [info] [elon-b-b] No stream started
[2025-02-27T19:46:17.286Z] [warn] [elon-b-b] Initialize XMTP client 1.921s
[2025-02-27T19:46:17.286Z] [info] [PersonaFactory] Using env keys for elon: 0x9e7e...
[2025-02-27T19:46:19.271Z] [warn] [elon-c-c] Create XMTP client v:436360a 1.982s
[2025-02-27T19:46:19.271Z] [info] [elon-c-c] No stream started
[2025-02-27T19:46:19.272Z] [warn] [elon-c-c] Initialize XMTP client 1.984s
[2025-02-27T19:46:19.273Z] [info] [PersonaFactory] Using env keys for elon: 0x9e7e...
[2025-02-27T19:46:21.210Z] [warn] [elon-d-d] Create XMTP client v:436360a 1.935s
[2025-02-27T19:46:21.210Z] [info] [elon-d-d] No stream started
[2025-02-27T19:46:21.210Z] [warn] [elon-d-d] Initialize XMTP client 1.936s
[2025-02-27T19:46:21.210Z] [info] [PersonaFactory] Using env keys for elon: 0x9e7e...
[2025-02-27T19:46:23.180Z] [warn] [elon-e-e] Create XMTP client v:436360a 1.968s
[2025-02-27T19:46:23.180Z] [info] [elon-e-e] No stream started
[2025-02-27T19:46:23.180Z] [warn] [elon-e-e] Initialize XMTP client 1.969s
[2025-02-27T19:46:23.180Z] [warn] installation creation 11.957s
[2025-02-27T19:46:23.180Z] [info] Name: elon-a, Installation ID: a, DB Path: /Users/fabrizioguespe/DevRel/qa-testing/.data/elon/elon-a-0x5bC306E68a5f333394509713dD94d5B16fD2B030-44-436360a-dev
[2025-02-27T19:46:23.180Z] [info] Name: elon-b, Installation ID: b, DB Path: /Users/fabrizioguespe/DevRel/qa-testing/.data/elon/elon-b-0x5bC306E68a5f333394509713dD94d5B16fD2B030-44-436360a-dev
[2025-02-27T19:46:23.180Z] [info] Name: elon-c, Installation ID: c, DB Path: /Users/fabrizioguespe/DevRel/qa-testing/.data/elon/elon-c-0x5bC306E68a5f333394509713dD94d5B16fD2B030-44-436360a-dev
[2025-02-27T19:46:23.180Z] [info] Name: elon-d, Installation ID: d, DB Path: /Users/fabrizioguespe/DevRel/qa-testing/.data/elon/elon-d-0x5bC306E68a5f333394509713dD94d5B16fD2B030-44-436360a-dev
[2025-02-27T19:46:23.180Z] [info] Name: elon-e, Installation ID: e, DB Path: /Users/fabrizioguespe/DevRel/qa-testing/.data/elon/elon-e-0x5bC306E68a5f333394509713dD94d5B16fD2B030-44-436360a-dev
[2025-02-27T19:46:25.273Z] [warn] adding members 1.907s
[2025-02-27T19:46:25.668Z] [warn] syncing 394.19ms
[2025-02-27T19:46:25.671Z] [info] Total installations: 36
[2025-02-27T19:46:26.669Z] [warn] message sending 997.214ms
[2025-02-27T19:46:27.063Z] [warn] syncing 392.59ms
[2025-02-27T19:46:27.064Z] [info] [PersonaFactory] Using env keys for alice: 0x6b39...
[2025-02-27T19:46:29.183Z] [warn] [alice-a] Create XMTP client v:436360a 2.115s
[2025-02-27T19:46:29.183Z] [info] [alice-a] No stream started
[2025-02-27T19:46:29.183Z] [warn] [alice-a] Initialize XMTP client 2.118s
[2025-02-27T19:46:29.184Z] [info] Created base persona: alice
[2025-02-27T19:46:29.184Z] [info] Wallet address: 0x2278abb2fB3967c8332388cc6710733C53CB066c
[2025-02-27T19:46:29.184Z] [info] [PersonaFactory] Using env keys for alice: 0x6b39...
[2025-02-27T19:46:31.310Z] [warn] [alice-a-a] Create XMTP client v:436360a 2.123s
[2025-02-27T19:46:31.310Z] [info] [alice-a-a] No stream started
[2025-02-27T19:46:31.310Z] [warn] [alice-a-a] Initialize XMTP client 2.125s
[2025-02-27T19:46:31.311Z] [info] [PersonaFactory] Using env keys for alice: 0x6b39...
[2025-02-27T19:46:33.412Z] [warn] [alice-b-b] Create XMTP client v:436360a 2.098s
[2025-02-27T19:46:33.412Z] [info] [alice-b-b] No stream started
[2025-02-27T19:46:33.412Z] [warn] [alice-b-b] Initialize XMTP client 2.099s
[2025-02-27T19:46:33.412Z] [info] [PersonaFactory] Using env keys for alice: 0x6b39...
[2025-02-27T19:46:35.516Z] [warn] [alice-c-c] Create XMTP client v:436360a 2.101s
[2025-02-27T19:46:35.516Z] [info] [alice-c-c] No stream started
[2025-02-27T19:46:35.516Z] [warn] [alice-c-c] Initialize XMTP client 2.103s
[2025-02-27T19:46:35.517Z] [info] [PersonaFactory] Using env keys for alice: 0x6b39...
[2025-02-27T19:46:37.607Z] [warn] [alice-d-d] Create XMTP client v:436360a 2.088s
[2025-02-27T19:46:37.608Z] [info] [alice-d-d] No stream started
[2025-02-27T19:46:37.608Z] [warn] [alice-d-d] Initialize XMTP client 2.090s
[2025-02-27T19:46:37.608Z] [info] [PersonaFactory] Using env keys for alice: 0x6b39...
[2025-02-27T19:46:39.701Z] [warn] [alice-e-e] Create XMTP client v:436360a 2.091s
[2025-02-27T19:46:39.701Z] [info] [alice-e-e] No stream started
[2025-02-27T19:46:39.701Z] [warn] [alice-e-e] Initialize XMTP client 2.093s
[2025-02-27T19:46:39.702Z] [warn] installation creation 12.638s
[2025-02-27T19:46:39.702Z] [info] Name: alice-a, Installation ID: a, DB Path: /Users/fabrizioguespe/DevRel/qa-testing/.data/alice/alice-a-0x2278abb2fB3967c8332388cc6710733C53CB066c-44-436360a-dev
[2025-02-27T19:46:39.702Z] [info] Name: alice-b, Installation ID: b, DB Path: /Users/fabrizioguespe/DevRel/qa-testing/.data/alice/alice-b-0x2278abb2fB3967c8332388cc6710733C53CB066c-44-436360a-dev
[2025-02-27T19:46:39.702Z] [info] Name: alice-c, Installation ID: c, DB Path: /Users/fabrizioguespe/DevRel/qa-testing/.data/alice/alice-c-0x2278abb2fB3967c8332388cc6710733C53CB066c-44-436360a-dev
[2025-02-27T19:46:39.702Z] [info] Name: alice-d, Installation ID: d, DB Path: /Users/fabrizioguespe/DevRel/qa-testing/.data/alice/alice-d-0x2278abb2fB3967c8332388cc6710733C53CB066c-44-436360a-dev
[2025-02-27T19:46:39.702Z] [info] Name: alice-e, Installation ID: e, DB Path: /Users/fabrizioguespe/DevRel/qa-testing/.data/alice/alice-e-0x2278abb2fB3967c8332388cc6710733C53CB066c-44-436360a-dev
[2025-02-27T19:46:41.802Z] [warn] adding members 1.917s
[2025-02-27T19:46:42.303Z] [warn] syncing 500.011ms
[2025-02-27T19:46:42.307Z] [info] Total installations: 36
[2025-02-27T19:46:43.313Z] [warn] message sending 1.005s
[2025-02-27T19:46:43.721Z] [warn] syncing 406.929ms
[2025-02-27T19:46:43.722Z] [info] [PersonaFactory] Using env keys for bob: 0x2ff7...
[2025-02-27T19:46:45.814Z] [warn] [bob-a] Create XMTP client v:436360a 2.088s
[2025-02-27T19:46:45.814Z] [info] [bob-a] No stream started
[2025-02-27T19:46:45.814Z] [warn] [bob-a] Initialize XMTP client 2.090s
[2025-02-27T19:46:45.814Z] [info] Created base persona: bob
[2025-02-27T19:46:45.814Z] [info] Wallet address: 0xbd6e9BEF0a2c0e9E8668B4503a46DF7b2c9A75A9
[2025-02-27T19:46:45.815Z] [info] [PersonaFactory] Using env keys for bob: 0x2ff7...
[2025-02-27T19:46:47.921Z] [warn] [bob-a-a] Create XMTP client v:436360a 2.104s
[2025-02-27T19:46:47.921Z] [info] [bob-a-a] No stream started
[2025-02-27T19:46:47.922Z] [warn] [bob-a-a] Initialize XMTP client 2.106s
[2025-02-27T19:46:47.922Z] [info] [PersonaFactory] Using env keys for bob: 0x2ff7...
[2025-02-27T19:46:50.075Z] [warn] [bob-b-b] Create XMTP client v:436360a 2.149s
[2025-02-27T19:46:50.075Z] [info] [bob-b-b] No stream started
[2025-02-27T19:46:50.075Z] [warn] [bob-b-b] Initialize XMTP client 2.152s
[2025-02-27T19:46:50.076Z] [info] [PersonaFactory] Using env keys for bob: 0x2ff7...
[2025-02-27T19:46:52.164Z] [warn] [bob-c-c] Create XMTP client v:436360a 2.085s
[2025-02-27T19:46:52.164Z] [info] [bob-c-c] No stream started
[2025-02-27T19:46:52.164Z] [warn] [bob-c-c] Initialize XMTP client 2.086s
[2025-02-27T19:46:52.165Z] [info] [PersonaFactory] Using env keys for bob: 0x2ff7...
[2025-02-27T19:46:54.092Z] [warn] [bob-d-d] Create XMTP client v:436360a 1.923s
[2025-02-27T19:46:54.092Z] [info] [bob-d-d] No stream started
[2025-02-27T19:46:54.092Z] [warn] [bob-d-d] Initialize XMTP client 1.926s
[2025-02-27T19:46:54.093Z] [info] [PersonaFactory] Using env keys for bob: 0x2ff7...
[2025-02-27T19:46:56.334Z] [warn] [bob-e-e] Create XMTP client v:436360a 2.238s
[2025-02-27T19:46:56.334Z] [info] [bob-e-e] No stream started
[2025-02-27T19:46:56.335Z] [warn] [bob-e-e] Initialize XMTP client 2.240s
[2025-02-27T19:46:56.335Z] [warn] installation creation 12.614s
[2025-02-27T19:46:56.335Z] [info] Name: bob-a, Installation ID: a, DB Path: /Users/fabrizioguespe/DevRel/qa-testing/.data/bob/bob-a-0xbd6e9BEF0a2c0e9E8668B4503a46DF7b2c9A75A9-44-436360a-dev
[2025-02-27T19:46:56.335Z] [info] Name: bob-b, Installation ID: b, DB Path: /Users/fabrizioguespe/DevRel/qa-testing/.data/bob/bob-b-0xbd6e9BEF0a2c0e9E8668B4503a46DF7b2c9A75A9-44-436360a-dev
[2025-02-27T19:46:56.335Z] [info] Name: bob-c, Installation ID: c, DB Path: /Users/fabrizioguespe/DevRel/qa-testing/.data/bob/bob-c-0xbd6e9BEF0a2c0e9E8668B4503a46DF7b2c9A75A9-44-436360a-dev
[2025-02-27T19:46:56.336Z] [info] Name: bob-d, Installation ID: d, DB Path: /Users/fabrizioguespe/DevRel/qa-testing/.data/bob/bob-d-0xbd6e9BEF0a2c0e9E8668B4503a46DF7b2c9A75A9-44-436360a-dev
[2025-02-27T19:46:56.336Z] [info] Name: bob-e, Installation ID: e, DB Path: /Users/fabrizioguespe/DevRel/qa-testing/.data/bob/bob-e-0xbd6e9BEF0a2c0e9E8668B4503a46DF7b2c9A75A9-44-436360a-dev
[2025-02-27T19:46:58.591Z] [warn] adding members 2.073s
[2025-02-27T19:46:59.096Z] [warn] syncing 504.207ms
[2025-02-27T19:46:59.101Z] [info] Total installations: 36
[2025-02-27T19:47:00.277Z] [warn] message sending 1.175s
[2025-02-27T19:47:00.737Z] [warn] syncing 457.712ms
[2025-02-27T19:47:00.738Z] [info] [PersonaFactory] Using env keys for joe: 0x5997...
[2025-02-27T19:47:02.905Z] [warn] [joe-a] Create XMTP client v:436360a 2.163s
[2025-02-27T19:47:02.905Z] [info] [joe-a] No stream started
[2025-02-27T19:47:02.905Z] [warn] [joe-a] Initialize XMTP client 2.165s
[2025-02-27T19:47:02.906Z] [info] Created base persona: joe
[2025-02-27T19:47:02.906Z] [info] Wallet address: 0x09D037675293124cB120b01a34C250eb6B6922Ef
[2025-02-27T19:47:02.906Z] [info] [PersonaFactory] Using env keys for joe: 0x5997...
[2025-02-27T19:47:04.818Z] [warn] [joe-a-a] Create XMTP client v:436360a 1.910s
[2025-02-27T19:47:04.818Z] [info] [joe-a-a] No stream started
[2025-02-27T19:47:04.818Z] [warn] [joe-a-a] Initialize XMTP client 1.911s
[2025-02-27T19:47:04.819Z] [info] [PersonaFactory] Using env keys for joe: 0x5997...
[2025-02-27T19:47:06.753Z] [warn] [joe-b-b] Create XMTP client v:436360a 1.929s
[2025-02-27T19:47:06.753Z] [info] [joe-b-b] No stream started
[2025-02-27T19:47:06.753Z] [warn] [joe-b-b] Initialize XMTP client 1.932s
[2025-02-27T19:47:06.754Z] [info] [PersonaFactory] Using env keys for joe: 0x5997...
[2025-02-27T19:47:10.539Z] [warn] [joe-c-c] Create XMTP client v:436360a 3.783s
[2025-02-27T19:47:10.539Z] [info] [joe-c-c] No stream started
[2025-02-27T19:47:10.539Z] [warn] [joe-c-c] Initialize XMTP client 3.784s
[2025-02-27T19:47:10.540Z] [info] [PersonaFactory] Using env keys for joe: 0x5997...
[2025-02-27T19:47:14.228Z] [warn] [joe-d-d] Create XMTP client v:436360a 3.687s
[2025-02-27T19:47:14.228Z] [info] [joe-d-d] No stream started
[2025-02-27T19:47:14.228Z] [warn] [joe-d-d] Initialize XMTP client 3.688s
[2025-02-27T19:47:14.228Z] [info] [PersonaFactory] Using env keys for joe: 0x5997...
[2025-02-27T19:47:17.757Z] [warn] [joe-e-e] Create XMTP client v:436360a 3.527s
[2025-02-27T19:47:17.757Z] [info] [joe-e-e] No stream started
[2025-02-27T19:47:17.757Z] [warn] [joe-e-e] Initialize XMTP client 3.528s
[2025-02-27T19:47:17.757Z] [warn] installation creation 17.019s
[2025-02-27T19:47:17.757Z] [info] Name: joe-a, Installation ID: a, DB Path: /Users/fabrizioguespe/DevRel/qa-testing/.data/joe/joe-a-0x09D037675293124cB120b01a34C250eb6B6922Ef-44-436360a-dev
[2025-02-27T19:47:17.757Z] [info] Name: joe-b, Installation ID: b, DB Path: /Users/fabrizioguespe/DevRel/qa-testing/.data/joe/joe-b-0x09D037675293124cB120b01a34C250eb6B6922Ef-44-436360a-dev
[2025-02-27T19:47:17.757Z] [info] Name: joe-c, Installation ID: c, DB Path: /Users/fabrizioguespe/DevRel/qa-testing/.data/joe/joe-c-0x09D037675293124cB120b01a34C250eb6B6922Ef-44-436360a-dev
[2025-02-27T19:47:17.757Z] [info] Name: joe-d, Installation ID: d, DB Path: /Users/fabrizioguespe/DevRel/qa-testing/.data/joe/joe-d-0x09D037675293124cB120b01a34C250eb6B6922Ef-44-436360a-dev
[2025-02-27T19:47:17.757Z] [info] Name: joe-e, Installation ID: e, DB Path: /Users/fabrizioguespe/DevRel/qa-testing/.data/joe/joe-e-0x09D037675293124cB120b01a34C250eb6B6922Ef-44-436360a-dev
[2025-02-27T19:47:21.332Z] [warn] adding members 3.395s
[2025-02-27T19:47:21.688Z] [warn] syncing 355.593ms
[2025-02-27T19:47:21.693Z] [info] Total installations: 39
[2025-02-27T19:47:22.642Z] [warn] message sending 948.116ms
[2025-02-27T19:47:23.035Z] [warn] syncing 391.883ms
[2025-02-27T19:47:23.035Z] [info] [PersonaFactory] Using env keys for charlie: 0x0ae0...
[2025-02-27T19:47:25.010Z] [warn] [charlie-a] Create XMTP client v:436360a 1.971s
[2025-02-27T19:47:25.010Z] [info] [charlie-a] No stream started
[2025-02-27T19:47:25.010Z] [warn] [charlie-a] Initialize XMTP client 1.973s
[2025-02-27T19:47:25.011Z] [info] Created base persona: charlie
[2025-02-27T19:47:25.011Z] [info] Wallet address: 0xfC8d52C46634d60b32cd22752Dd4a2F4a94fe32C
[2025-02-27T19:47:25.011Z] [info] [PersonaFactory] Using env keys for charlie: 0x0ae0...
[2025-02-27T19:47:26.926Z] [warn] [charlie-a-a] Create XMTP client v:436360a 1.913s
[2025-02-27T19:47:26.926Z] [info] [charlie-a-a] No stream started
[2025-02-27T19:47:26.926Z] [warn] [charlie-a-a] Initialize XMTP client 1.914s
[2025-02-27T19:47:26.927Z] [info] [PersonaFactory] Using env keys for charlie: 0x0ae0...
[2025-02-27T19:47:30.598Z] [warn] [charlie-b-b] Create XMTP client v:436360a 3.667s
[2025-02-27T19:47:30.598Z] [info] [charlie-b-b] No stream started
[2025-02-27T19:47:30.598Z] [warn] [charlie-b-b] Initialize XMTP client 3.669s
[2025-02-27T19:47:30.598Z] [info] [PersonaFactory] Using env keys for charlie: 0x0ae0...
[2025-02-27T19:47:34.108Z] [warn] [charlie-c-c] Create XMTP client v:436360a 3.508s
[2025-02-27T19:47:34.108Z] [info] [charlie-c-c] No stream started
[2025-02-27T19:47:34.108Z] [warn] [charlie-c-c] Initialize XMTP client 3.509s
[2025-02-27T19:47:34.108Z] [info] [PersonaFactory] Using env keys for charlie: 0x0ae0...
[2025-02-27T19:47:37.798Z] [warn] [charlie-d-d] Create XMTP client v:436360a 3.688s
[2025-02-27T19:47:37.798Z] [info] [charlie-d-d] No stream started
[2025-02-27T19:47:37.798Z] [warn] [charlie-d-d] Initialize XMTP client 3.690s
[2025-02-27T19:47:37.799Z] [info] [PersonaFactory] Using env keys for charlie: 0x0ae0...
[2025-02-27T19:47:41.262Z] [warn] [charlie-e-e] Create XMTP client v:436360a 3.462s
[2025-02-27T19:47:41.262Z] [info] [charlie-e-e] No stream started
[2025-02-27T19:47:41.262Z] [warn] [charlie-e-e] Initialize XMTP client 3.463s
[2025-02-27T19:47:41.262Z] [warn] installation creation 18.227s
[2025-02-27T19:47:41.262Z] [info] Name: charlie-a, Installation ID: a, DB Path: /Users/fabrizioguespe/DevRel/qa-testing/.data/charlie/charlie-a-0xfC8d52C46634d60b32cd22752Dd4a2F4a94fe32C-44-436360a-dev
[2025-02-27T19:47:41.262Z] [info] Name: charlie-b, Installation ID: b, DB Path: /Users/fabrizioguespe/DevRel/qa-testing/.data/charlie/charlie-b-0xfC8d52C46634d60b32cd22752Dd4a2F4a94fe32C-44-436360a-dev
[2025-02-27T19:47:41.262Z] [info] Name: charlie-c, Installation ID: c, DB Path: /Users/fabrizioguespe/DevRel/qa-testing/.data/charlie/charlie-c-0xfC8d52C46634d60b32cd22752Dd4a2F4a94fe32C-44-436360a-dev
[2025-02-27T19:47:41.262Z] [info] Name: charlie-d, Installation ID: d, DB Path: /Users/fabrizioguespe/DevRel/qa-testing/.data/charlie/charlie-d-0xfC8d52C46634d60b32cd22752Dd4a2F4a94fe32C-44-436360a-dev
[2025-02-27T19:47:41.262Z] [info] Name: charlie-e, Installation ID: e, DB Path: /Users/fabrizioguespe/DevRel/qa-testing/.data/charlie/charlie-e-0xfC8d52C46634d60b32cd22752Dd4a2F4a94fe32C-44-436360a-dev
[2025-02-27T19:47:45.285Z] [warn] adding members 3.836s
[2025-02-27T19:47:45.687Z] [warn] syncing 400.693ms
[2025-02-27T19:47:45.691Z] [info] Total installations: 43
[2025-02-27T19:47:46.906Z] [warn] message sending 1.214s
[2025-02-27T19:47:47.310Z] [warn] syncing 402.572ms
[2025-02-27T19:47:47.311Z] [info] [PersonaFactory] Using env keys for dave: 0x5b2a...
[2025-02-27T19:47:49.261Z] [warn] [dave-a] Create XMTP client v:436360a 1.946s
[2025-02-27T19:47:49.261Z] [info] [dave-a] No stream started
[2025-02-27T19:47:49.261Z] [warn] [dave-a] Initialize XMTP client 1.949s
[2025-02-27T19:47:49.262Z] [info] Created base persona: dave
[2025-02-27T19:47:49.262Z] [info] Wallet address: 0x212670c09402514A376c206C9F5d9cBEC5DABAC5
[2025-02-27T19:47:49.262Z] [info] [PersonaFactory] Using env keys for dave: 0x5b2a...
[2025-02-27T19:47:51.382Z] [warn] [dave-a-a] Create XMTP client v:436360a 2.117s
[2025-02-27T19:47:51.382Z] [info] [dave-a-a] No stream started
[2025-02-27T19:47:51.382Z] [warn] [dave-a-a] Initialize XMTP client 2.119s
[2025-02-27T19:47:51.383Z] [info] [PersonaFactory] Using env keys for dave: 0x5b2a...
[2025-02-27T19:47:55.064Z] [warn] [dave-b-b] Create XMTP client v:436360a 3.679s
[2025-02-27T19:47:55.064Z] [info] [dave-b-b] No stream started
[2025-02-27T19:47:55.065Z] [warn] [dave-b-b] Initialize XMTP client 3.680s
[2025-02-27T19:47:55.065Z] [info] [PersonaFactory] Using env keys for dave: 0x5b2a...
[2025-02-27T19:47:58.705Z] [warn] [dave-c-c] Create XMTP client v:436360a 3.639s
[2025-02-27T19:47:58.705Z] [info] [dave-c-c] No stream started
[2025-02-27T19:47:58.705Z] [warn] [dave-c-c] Initialize XMTP client 3.640s
[2025-02-27T19:47:58.705Z] [info] [PersonaFactory] Using env keys for dave: 0x5b2a...
[2025-02-27T19:48:02.162Z] [warn] [dave-d-d] Create XMTP client v:436360a 3.455s
[2025-02-27T19:48:02.162Z] [info] [dave-d-d] No stream started
[2025-02-27T19:48:02.162Z] [warn] [dave-d-d] Initialize XMTP client 3.456s
[2025-02-27T19:48:02.162Z] [info] [PersonaFactory] Using env keys for dave: 0x5b2a...
[2025-02-27T19:48:05.833Z] [warn] [dave-e-e] Create XMTP client v:436360a 3.669s
[2025-02-27T19:48:05.833Z] [info] [dave-e-e] No stream started
[2025-02-27T19:48:05.833Z] [warn] [dave-e-e] Initialize XMTP client 3.670s
[2025-02-27T19:48:05.833Z] [warn] installation creation 18.523s
[2025-02-27T19:48:05.833Z] [info] Name: dave-a, Installation ID: a, DB Path: /Users/fabrizioguespe/DevRel/qa-testing/.data/dave/dave-a-0x212670c09402514A376c206C9F5d9cBEC5DABAC5-44-436360a-dev
[2025-02-27T19:48:05.833Z] [info] Name: dave-b, Installation ID: b, DB Path: /Users/fabrizioguespe/DevRel/qa-testing/.data/dave/dave-b-0x212670c09402514A376c206C9F5d9cBEC5DABAC5-44-436360a-dev
[2025-02-27T19:48:05.833Z] [info] Name: dave-c, Installation ID: c, DB Path: /Users/fabrizioguespe/DevRel/qa-testing/.data/dave/dave-c-0x212670c09402514A376c206C9F5d9cBEC5DABAC5-44-436360a-dev
[2025-02-27T19:48:05.833Z] [info] Name: dave-d, Installation ID: d, DB Path: /Users/fabrizioguespe/DevRel/qa-testing/.data/dave/dave-d-0x212670c09402514A376c206C9F5d9cBEC5DABAC5-44-436360a-dev
[2025-02-27T19:48:05.833Z] [info] Name: dave-e, Installation ID: e, DB Path: /Users/fabrizioguespe/DevRel/qa-testing/.data/dave/dave-e-0x212670c09402514A376c206C9F5d9cBEC5DABAC5-44-436360a-dev
[2025-02-27T19:48:09.765Z] [warn] adding members 3.749s
[2025-02-27T19:48:10.174Z] [warn] syncing 407.897ms
[2025-02-27T19:48:10.179Z] [info] Total installations: 47
[2025-02-27T19:48:11.380Z] [warn] message sending 1.201s
[2025-02-27T19:48:11.738Z] [warn] syncing 356.484ms
[2025-02-27T19:48:11.739Z] [info] [PersonaFactory] Using env keys for rosalie: 0xaf76...
[2025-02-27T19:48:13.871Z] [warn] [rosalie-a] Create XMTP client v:436360a 2.129s
[2025-02-27T19:48:13.871Z] [info] [rosalie-a] No stream started
[2025-02-27T19:48:13.871Z] [warn] [rosalie-a] Initialize XMTP client 2.131s
[2025-02-27T19:48:13.871Z] [info] Created base persona: rosalie
[2025-02-27T19:48:13.871Z] [info] Wallet address: 0xB3120dADf3442DB350BE66329163583474F57713
[2025-02-27T19:48:13.871Z] [info] [PersonaFactory] Using env keys for rosalie: 0xaf76...
[2025-02-27T19:48:16.004Z] [warn] [rosalie-a-a] Create XMTP client v:436360a 2.131s
[2025-02-27T19:48:16.004Z] [info] [rosalie-a-a] No stream started
[2025-02-27T19:48:16.004Z] [warn] [rosalie-a-a] Initialize XMTP client 2.132s
[2025-02-27T19:48:16.005Z] [info] [PersonaFactory] Using env keys for rosalie: 0xaf76...
[2025-02-27T19:48:19.490Z] [warn] [rosalie-b-b] Create XMTP client v:436360a 3.482s
[2025-02-27T19:48:19.490Z] [info] [rosalie-b-b] No stream started
[2025-02-27T19:48:19.490Z] [warn] [rosalie-b-b] Initialize XMTP client 3.484s
[2025-02-27T19:48:19.491Z] [info] [PersonaFactory] Using env keys for rosalie: 0xaf76...
[2025-02-27T19:48:23.210Z] [warn] [rosalie-c-c] Create XMTP client v:436360a 3.718s
[2025-02-27T19:48:23.210Z] [info] [rosalie-c-c] No stream started
[2025-02-27T19:48:23.210Z] [warn] [rosalie-c-c] Initialize XMTP client 3.719s
[2025-02-27T19:48:23.211Z] [info] [PersonaFactory] Using env keys for rosalie: 0xaf76...
[2025-02-27T19:48:26.671Z] [warn] [rosalie-d-d] Create XMTP client v:436360a 3.460s
[2025-02-27T19:48:26.672Z] [info] [rosalie-d-d] No stream started
[2025-02-27T19:48:26.672Z] [warn] [rosalie-d-d] Initialize XMTP client 3.461s
[2025-02-27T19:48:26.672Z] [info] [PersonaFactory] Using env keys for rosalie: 0xaf76...
[2025-02-27T19:48:30.368Z] [warn] [rosalie-e-e] Create XMTP client v:436360a 3.695s
[2025-02-27T19:48:30.368Z] [info] [rosalie-e-e] No stream started
[2025-02-27T19:48:30.368Z] [warn] [rosalie-e-e] Initialize XMTP client 3.696s
[2025-02-27T19:48:30.368Z] [warn] installation creation 18.630s
[2025-02-27T19:48:30.368Z] [info] Name: rosalie-a, Installation ID: a, DB Path: /Users/fabrizioguespe/DevRel/qa-testing/.data/rosalie/rosalie-a-0xB3120dADf3442DB350BE66329163583474F57713-44-436360a-dev
[2025-02-27T19:48:30.368Z] [info] Name: rosalie-b, Installation ID: b, DB Path: /Users/fabrizioguespe/DevRel/qa-testing/.data/rosalie/rosalie-b-0xB3120dADf3442DB350BE66329163583474F57713-44-436360a-dev
[2025-02-27T19:48:30.368Z] [info] Name: rosalie-c, Installation ID: c, DB Path: /Users/fabrizioguespe/DevRel/qa-testing/.data/rosalie/rosalie-c-0xB3120dADf3442DB350BE66329163583474F57713-44-436360a-dev
[2025-02-27T19:48:30.368Z] [info] Name: rosalie-d, Installation ID: d, DB Path: /Users/fabrizioguespe/DevRel/qa-testing/.data/rosalie/rosalie-d-0xB3120dADf3442DB350BE66329163583474F57713-44-436360a-dev
[2025-02-27T19:48:30.368Z] [info] Name: rosalie-e, Installation ID: e, DB Path: /Users/fabrizioguespe/DevRel/qa-testing/.data/rosalie/rosalie-e-0xB3120dADf3442DB350BE66329163583474F57713-44-436360a-dev
[2025-02-27T19:48:34.099Z] [warn] adding members 3.501s
[2025-02-27T19:48:34.453Z] [warn] syncing 352.614ms
[2025-02-27T19:48:34.457Z] [info] Total installations: 51
[2025-02-27T19:48:35.666Z] [warn] message sending 1.209s
[2025-02-27T19:48:36.015Z] [warn] syncing 347.395ms
[2025-02-27T19:48:36.016Z] [info] [PersonaFactory] Using env keys for eve: 0x9423...
[2025-02-27T19:48:37.945Z] [warn] [eve-a] Create XMTP client v:436360a 1.926s
[2025-02-27T19:48:37.945Z] [info] [eve-a] No stream started
[2025-02-27T19:48:37.945Z] [warn] [eve-a] Initialize XMTP client 1.928s
[2025-02-27T19:48:37.945Z] [info] Created base persona: eve
[2025-02-27T19:48:37.945Z] [info] Wallet address: 0x033e655164287e8680344F187DE0090f812E0F6E
[2025-02-27T19:48:37.945Z] [info] [PersonaFactory] Using env keys for eve: 0x9423...
[2025-02-27T19:48:40.043Z] [warn] [eve-a-a] Create XMTP client v:436360a 2.097s
[2025-02-27T19:48:40.043Z] [info] [eve-a-a] No stream started
[2025-02-27T19:48:40.043Z] [warn] [eve-a-a] Initialize XMTP client 2.098s
[2025-02-27T19:48:40.044Z] [info] [PersonaFactory] Using env keys for eve: 0x9423...
[2025-02-27T19:48:43.783Z] [warn] [eve-b-b] Create XMTP client v:436360a 3.738s
[2025-02-27T19:48:43.783Z] [info] [eve-b-b] No stream started
[2025-02-27T19:48:43.783Z] [warn] [eve-b-b] Initialize XMTP client 3.738s
[2025-02-27T19:48:43.783Z] [info] [PersonaFactory] Using env keys for eve: 0x9423...
[2025-02-27T19:48:47.493Z] [warn] [eve-c-c] Create XMTP client v:436360a 3.709s
[2025-02-27T19:48:47.493Z] [info] [eve-c-c] No stream started
[2025-02-27T19:48:47.493Z] [warn] [eve-c-c] Initialize XMTP client 3.709s
[2025-02-27T19:48:47.493Z] [info] [PersonaFactory] Using env keys for eve: 0x9423...
[2025-02-27T19:48:50.971Z] [warn] [eve-d-d] Create XMTP client v:436360a 3.478s
[2025-02-27T19:48:50.972Z] [info] [eve-d-d] No stream started
[2025-02-27T19:48:50.972Z] [warn] [eve-d-d] Initialize XMTP client 3.478s
[2025-02-27T19:48:50.972Z] [info] [PersonaFactory] Using env keys for eve: 0x9423...
[2025-02-27T19:48:54.220Z] [warn] [eve-e-e] Create XMTP client v:436360a 3.247s
[2025-02-27T19:48:54.220Z] [info] [eve-e-e] No stream started
[2025-02-27T19:48:54.220Z] [warn] [eve-e-e] Initialize XMTP client 3.248s
[2025-02-27T19:48:54.220Z] [warn] installation creation 18.205s
[2025-02-27T19:48:54.220Z] [info] Name: eve-a, Installation ID: a, DB Path: /Users/fabrizioguespe/DevRel/qa-testing/.data/eve/eve-a-0x033e655164287e8680344F187DE0090f812E0F6E-44-436360a-dev
[2025-02-27T19:48:54.220Z] [info] Name: eve-b, Installation ID: b, DB Path: /Users/fabrizioguespe/DevRel/qa-testing/.data/eve/eve-b-0x033e655164287e8680344F187DE0090f812E0F6E-44-436360a-dev
[2025-02-27T19:48:54.220Z] [info] Name: eve-c, Installation ID: c, DB Path: /Users/fabrizioguespe/DevRel/qa-testing/.data/eve/eve-c-0x033e655164287e8680344F187DE0090f812E0F6E-44-436360a-dev
[2025-02-27T19:48:54.220Z] [info] Name: eve-d, Installation ID: d, DB Path: /Users/fabrizioguespe/DevRel/qa-testing/.data/eve/eve-d-0x033e655164287e8680344F187DE0090f812E0F6E-44-436360a-dev
[2025-02-27T19:48:54.220Z] [info] Name: eve-e, Installation ID: e, DB Path: /Users/fabrizioguespe/DevRel/qa-testing/.data/eve/eve-e-0x033e655164287e8680344F187DE0090f812E0F6E-44-436360a-dev
[2025-02-27T19:48:57.682Z] [warn] adding members 3.275s
[2025-02-27T19:48:58.080Z] [warn] syncing 397.524ms
[2025-02-27T19:48:58.081Z] [info] Total installations: 55
[2025-02-27T19:48:59.245Z] [warn] message sending 1.163s
[2025-02-27T19:48:59.620Z] [warn] syncing 373.936ms
[2025-02-27T19:49:00.607Z] [info] {"DNS Lookup":0.001943,"TCP Connection":0.002148,"TLS Handshake":0.576138,"Server Processing":0.759003,"Content Transfer":0.759077}
[2025-02-27T19:49:00.607Z] [warn] total: 759.077ms, tls: 576.138ms, processing: 182.93899999999996ms