[2025-03-06T19:40:43.190Z] [info] envPath .env
[2025-03-06T19:40:43.196Z] [info] [PersonaFactory] Using env keys for henry: 0xcbfe...
[2025-03-06T19:40:43.196Z] [info] [PersonaFactory] Using env keys for bob: 0xa66a...
[2025-03-06T19:40:43.196Z] [info] [PersonaFactory] Using cached keys for bob
[2025-03-06T19:40:43.197Z] [info] [PersonaFactory] Using cached keys for bob
[2025-03-06T19:40:43.197Z] [info] [PersonaFactory] Using cached keys for bob
[2025-03-06T19:40:43.242Z] [warn] Creating directory /Users/fabrizioguespe/qa-testing/.data/henry
[2025-03-06T19:40:43.243Z] [warn] Creating directory /Users/fabrizioguespe/qa-testing/.data/bob
[2025-03-06T19:40:47.036Z] [warn] [bob-d] Create XMTP client v:undefined 3.793s
[2025-03-06T19:40:47.036Z] [info] [bob-d] No stream started
[2025-03-06T19:40:47.036Z] [warn] [bob-d] Initialize XMTP client 3.796s
[2025-03-06T19:40:47.125Z] [warn] [henry-a] Create XMTP client v:undefined 3.883s
[2025-03-06T19:40:47.125Z] [info] [henry-a] No stream started
[2025-03-06T19:40:47.125Z] [warn] [henry-a] Initialize XMTP client 3.926s
[2025-03-06T19:40:47.135Z] [warn] [bob-b] Create XMTP client v:undefined 3.893s
[2025-03-06T19:40:47.135Z] [info] [bob-b] No stream started
[2025-03-06T19:40:47.136Z] [warn] [bob-b] Initialize XMTP client 3.897s
[2025-03-06T19:40:47.225Z] [warn] [bob-c] Create XMTP client v:undefined 3.982s
[2025-03-06T19:40:47.225Z] [info] [bob-c] No stream started
[2025-03-06T19:40:47.225Z] [warn] [bob-c] Initialize XMTP client 3.985s
[2025-03-06T19:40:47.362Z] [warn] [bob-a] Create XMTP client v:undefined 4.119s
[2025-03-06T19:40:47.362Z] [info] [bob-a] No stream started
[2025-03-06T19:40:47.362Z] [warn] [bob-a] Initialize XMTP client 4.126s
[2025-03-06T19:40:47.362Z] [info] henry 0x568b42a484BEddD52D414D581D883E070210A93f
[2025-03-06T19:40:47.362Z] [info] bob-a 0xCdfF5c77c15dbe0573BabCB2c83D6856D8B85117
[2025-03-06T19:40:47.363Z] [info] bob-b 0xCdfF5c77c15dbe0573BabCB2c83D6856D8B85117
[2025-03-06T19:40:47.363Z] [info] bob-c 0xCdfF5c77c15dbe0573BabCB2c83D6856D8B85117
[2025-03-06T19:40:47.363Z] [info] bob-d 0xCdfF5c77c15dbe0573BabCB2c83D6856D8B85117
[2025-03-06T19:40:47.370Z] [info] Installations 26
[2025-03-06T19:40:47.376Z] [info] Installations 26
[2025-03-06T19:40:47.377Z] [info] Installations 26
[2025-03-06T19:40:47.377Z] [info] Installations 26
[2025-03-06T19:40:51.777Z] [info] convo f1cd237876eb103a1ed75cb81aad08cc
[2025-03-06T19:40:53.247Z] [info] 1
[2025-03-06T19:40:54.850Z] [info] 1