[2025-03-02T19:56:39.956Z] [info] initConfig: {"prefix":"xmtp.sdk.","apiKey":"7ca2b6ba007049aef48b949d36a49c10","defaultTags":["qa_env:dev","qa_test:metadata","qa_geo:south-america"]}
[2025-03-02T19:56:39.957Z] [info] ✅ DataDog metrics initialized successfully
[2025-03-02T19:56:39.960Z] [info] [PersonaFactory] Using env keys for bob: 0x2305...
[2025-03-02T19:56:39.960Z] [info] [PersonaFactory] Using env keys for joe: 0xb735...
[2025-03-02T19:56:39.960Z] [info] [PersonaFactory] Generating new keys for elon
[2025-03-02T19:56:39.987Z] [info] [PersonaFactory] Generating new keys for fabri
[2025-03-02T19:56:39.989Z] [info] [PersonaFactory] Generating new keys for alice
[2025-03-02T19:56:42.078Z] [warn] [joe-a] Create XMTP client v:436360a 2.082s
[2025-03-02T19:56:42.233Z] [warn] [bob-a] Create XMTP client v:436360a 2.237s
[2025-03-02T19:56:42.452Z] [warn] [joe-a] Start message stream 371.549ms
[2025-03-02T19:56:42.452Z] [warn] [joe-a] Start stream 373.384ms
[2025-03-02T19:56:42.452Z] [warn] [joe-a] Initialize XMTP client 2.459s
[2025-03-02T19:56:42.657Z] [warn] [bob-a] Start message stream 423.669ms
[2025-03-02T19:56:42.657Z] [warn] [bob-a] Start stream 423.821ms
[2025-03-02T19:56:42.657Z] [warn] [bob-a] Initialize XMTP client 2.665s
[2025-03-02T19:56:43.809Z] [warn] [elon-a] Create XMTP client v:436360a 3.813s
[2025-03-02T19:56:43.809Z] [warn] [alice-a] Create XMTP client v:436360a 3.813s
[2025-03-02T19:56:43.892Z] [warn] [fabri-a] Create XMTP client v:436360a 3.896s
[2025-03-02T19:56:44.206Z] [warn] [alice-a] Start message stream 395.958ms
[2025-03-02T19:56:44.206Z] [warn] [alice-a] Start stream 396.26ms
[2025-03-02T19:56:44.206Z] [warn] [alice-a] Initialize XMTP client 4.211s
[2025-03-02T19:56:44.228Z] [warn] [elon-a] Start message stream 418.576ms
[2025-03-02T19:56:44.228Z] [warn] [elon-a] Start stream 418.784ms
[2025-03-02T19:56:44.228Z] [warn] [elon-a] Initialize XMTP client 4.234s
[2025-03-02T19:56:44.252Z] [warn] [fabri-a] Start message stream 359.437ms
[2025-03-02T19:56:44.252Z] [warn] [fabri-a] Start stream 359.81ms
[2025-03-02T19:56:44.253Z] [warn] [fabri-a] Initialize XMTP client 4.258s
[2025-03-02T19:56:44.253Z] [info] bob 0xC7E0839CEb5A576b60570a40f984822f8EdB6D50
[2025-03-02T19:56:44.253Z] [info] joe 0xB9f8390f9b6108EE9F4cE764944d08Ca84568A71
[2025-03-02T19:56:44.253Z] [info] elon 0x2BDcaf4E66dE71a6AD42Efc6Cb99A2b8BA70F174
[2025-03-02T19:56:44.253Z] [info] fabri 0xa5AC8f2418417b2B1Bc1FbC0F0c6573Bd46DCa0e
[2025-03-02T19:56:44.254Z] [info] alice 0xbe5d5417D43B91BC48EAebc439C6a34241150Eba
[2025-03-02T19:56:46.435Z] [info] Bob's group 9c80e2012ae34384fec1d83f25a0301b
[2025-03-02T19:56:46.435Z] [warn] create group 2.181s
[2025-03-02T19:56:46.436Z] [info] [joe-a] Collecting 1 messages from convo:9c80e2012ae34384fec1d83f25a0301b
[2025-03-02T19:56:46.436Z] [info] Sending message #1: New name-1-bi7etrse4jp
[2025-03-02T19:56:47.382Z] [info] All participants received the expected number of messages.
[2025-03-02T19:56:47.382Z] [warn] update group name 946.573ms
[2025-03-02T19:56:49.634Z] [warn] add members 2.251s
[2025-03-02T19:56:50.855Z] [warn] remove members 1.220s