[2025-03-06T17:46:50.098Z] [info] envPath .env
[2025-03-06T17:46:50.101Z] [info] [PersonaFactory] Using env keys for bob: 0xa66a...
[2025-03-06T17:46:50.101Z] [info] [PersonaFactory] Using env keys for alice: 0x756e...
[2025-03-06T17:46:50.101Z] [info] [PersonaFactory] Using env keys for joe: 0x24d3...
[2025-03-06T17:46:50.101Z] [info] [PersonaFactory] Using env keys for sam: 0xff32...
[2025-03-06T17:46:50.101Z] [info] [PersonaFactory] Using env keys for charlie: 0x1711...
[2025-03-06T17:46:50.101Z] [info] [PersonaFactory] Using env keys for dave: 0x8c23...
[2025-03-06T17:46:50.101Z] [info] [PersonaFactory] Using env keys for eve: 0x3d13...
[2025-03-06T17:46:50.101Z] [info] [PersonaFactory] Using env keys for frank: 0x3a88...
[2025-03-06T17:46:50.102Z] [info] [PersonaFactory] Using env keys for grace: 0x66eb...
[2025-03-06T17:46:50.102Z] [info] [PersonaFactory] Using env keys for henry: 0xcbfe...
[2025-03-06T17:46:50.102Z] [info] [PersonaFactory] Using env keys for ivy: 0x5dfb...
[2025-03-06T17:46:50.102Z] [info] [PersonaFactory] Using env keys for jack: 0x7b92...
[2025-03-06T17:46:50.102Z] [info] [PersonaFactory] Using env keys for karen: 0xeff4...
[2025-03-06T17:46:50.102Z] [info] [PersonaFactory] Using env keys for larry: 0x2545...
[2025-03-06T17:46:52.396Z] [warn] [grace-a] Create XMTP client v:436360a 2.238s
[2025-03-06T17:46:52.529Z] [warn] [bob-a] Create XMTP client v:436360a 2.372s
[2025-03-06T17:46:52.583Z] [warn] [grace-a] Initialize XMTP client 2.429s
[2025-03-06T17:46:52.612Z] [warn] [sam-a] Create XMTP client v:436360a 2.455s
[2025-03-06T17:46:52.658Z] [warn] [eve-a] Create XMTP client v:436360a 2.501s
[2025-03-06T17:46:52.770Z] [warn] [frank-a] Create XMTP client v:436360a 2.613s
[2025-03-06T17:46:52.771Z] [warn] [joe-a] Create XMTP client v:436360a 2.614s
[2025-03-06T17:46:52.804Z] [warn] [dave-a] Create XMTP client v:436360a 2.647s
[2025-03-06T17:46:52.901Z] [warn] [henry-a] Create XMTP client v:436360a 2.744s
[2025-03-06T17:46:52.927Z] [warn] [bob-a] Start message stream 397.098ms
[2025-03-06T17:46:52.927Z] [warn] [bob-a] Start stream 397.288ms
[2025-03-06T17:46:52.927Z] [warn] [bob-a] Initialize XMTP client 2.821s
[2025-03-06T17:46:52.957Z] [warn] [ivy-a] Create XMTP client v:436360a 2.800s
[2025-03-06T17:46:52.982Z] [warn] [larry-a] Create XMTP client v:436360a 2.825s
[2025-03-06T17:46:53.028Z] [warn] [sam-a] Start message stream 415.27ms
[2025-03-06T17:46:53.028Z] [warn] [sam-a] Start stream 415.57ms
[2025-03-06T17:46:53.028Z] [warn] [sam-a] Initialize XMTP client 2.879s
[2025-03-06T17:46:53.053Z] [warn] [eve-a] Start message stream 394.517ms
[2025-03-06T17:46:53.053Z] [warn] [eve-a] Start stream 394.713ms
[2025-03-06T17:46:53.053Z] [warn] [eve-a] Initialize XMTP client 2.901s
[2025-03-06T17:46:53.074Z] [warn] [jack-a] Create XMTP client v:436360a 2.916s
[2025-03-06T17:46:53.074Z] [warn] [karen-a] Create XMTP client v:436360a 2.917s
[2025-03-06T17:46:53.152Z] [warn] [charlie-a] Create XMTP client v:436360a 2.995s
[2025-03-06T17:46:53.188Z] [warn] [frank-a] Start message stream 418.085ms
[2025-03-06T17:46:53.189Z] [warn] [frank-a] Start stream 418.408ms
[2025-03-06T17:46:53.189Z] [warn] [frank-a] Initialize XMTP client 3.036s
[2025-03-06T17:46:53.189Z] [warn] [joe-a] Start message stream 418.351ms
[2025-03-06T17:46:53.189Z] [warn] [joe-a] Start stream 418.699ms
[2025-03-06T17:46:53.189Z] [warn] [joe-a] Initialize XMTP client 3.041s
[2025-03-06T17:46:53.190Z] [warn] [alice-a] Create XMTP client v:436360a 3.033s
[2025-03-06T17:46:53.213Z] [warn] [dave-a] Start message stream 408.543ms
[2025-03-06T17:46:53.214Z] [warn] [dave-a] Start stream 408.899ms
[2025-03-06T17:46:53.214Z] [warn] [dave-a] Initialize XMTP client 3.062s
[2025-03-06T17:46:53.282Z] [warn] [karen-a] Initialize XMTP client 3.126s
[2025-03-06T17:46:53.299Z] [warn] [henry-a] Start message stream 398.527ms
[2025-03-06T17:46:53.299Z] [warn] [henry-a] Start stream 398.624ms
[2025-03-06T17:46:53.299Z] [warn] [henry-a] Initialize XMTP client 3.145s
[2025-03-06T17:46:53.321Z] [warn] [ivy-a] Start message stream 363.935ms
[2025-03-06T17:46:53.321Z] [warn] [ivy-a] Start stream 364.071ms
[2025-03-06T17:46:53.321Z] [warn] [ivy-a] Initialize XMTP client 3.166s
[2025-03-06T17:46:53.341Z] [warn] [larry-a] Start message stream 359.086ms
[2025-03-06T17:46:53.341Z] [warn] [larry-a] Start stream 359.216ms
[2025-03-06T17:46:53.342Z] [warn] [larry-a] Initialize XMTP client 3.185s
[2025-03-06T17:46:53.371Z] [warn] [alice-a] Initialize XMTP client 3.224s
[2025-03-06T17:46:53.478Z] [warn] [jack-a] Start message stream 404.633ms
[2025-03-06T17:46:53.478Z] [warn] [jack-a] Start stream 404.827ms
[2025-03-06T17:46:53.479Z] [warn] [jack-a] Initialize XMTP client 3.323s
[2025-03-06T17:46:53.555Z] [warn] [charlie-a] Start message stream 403.388ms
[2025-03-06T17:46:53.555Z] [warn] [charlie-a] Start stream 403.558ms
[2025-03-06T17:46:53.555Z] [warn] [charlie-a] Initialize XMTP client 3.404s
[2025-03-06T17:46:53.555Z] [info] bob 0xCdfF5c77c15dbe0573BabCB2c83D6856D8B85117
[2025-03-06T17:46:53.556Z] [info] alice 0x4C01508cB516F2215A3904af3A0226E7b66E7cF0
[2025-03-06T17:46:53.556Z] [info] joe 0x171D51F297Cfd29619013DaC9BcBcFf5dFCCd6C6
[2025-03-06T17:46:53.556Z] [info] sam 0xa91Eec43ca2D32C818A92fa304E48809f184AABd
[2025-03-06T17:46:53.556Z] [info] charlie 0x2785d2586e7c370809F86d3b5ba4f03d7afdbe9d
[2025-03-06T17:46:53.556Z] [info] dave 0xAA8A35e4fC5f8161C66c3c6837611e63C8788676
[2025-03-06T17:46:53.556Z] [info] eve 0x7E5e9Cf009B6092aaF09aFe05B4F797B9F1De4e0
[2025-03-06T17:46:53.556Z] [info] frank 0x882240557Fa94A1742608bAE362403E024b0a099
[2025-03-06T17:46:53.556Z] [info] grace 0x53909BB3F658b85908E2711fE402b2549ea351bE
[2025-03-06T17:46:53.556Z] [info] henry 0x568b42a484BEddD52D414D581D883E070210A93f
[2025-03-06T17:46:53.556Z] [info] ivy 0x450ed7301240C0E65c91419389be28eD40D857C0
[2025-03-06T17:46:53.556Z] [info] jack 0x8c023F6E2d01BF2A4E111eDD90Ec097Ccb90C91A
[2025-03-06T17:46:53.556Z] [info] karen 0xb0e70A632Ae8AaFd15F71Bc43c33B59D4F9495E2
[2025-03-06T17:46:53.556Z] [info] larry 0x421C33A72A279A5ed06417e015d20A27F3987F07
[2025-03-06T17:46:56.213Z] [info] Group created 378dc28f3655c460697e711aad165b59
[2025-03-06T17:46:56.214Z] [info] [alice-a] Collecting 5 messages from convo:378dc28f3655c460697e711aad165b59
[2025-03-06T17:46:56.214Z] [info] [joe-a] Collecting 5 messages from convo:378dc28f3655c460697e711aad165b59
[2025-03-06T17:46:56.214Z] [info] [sam-a] Collecting 5 messages from convo:378dc28f3655c460697e711aad165b59
[2025-03-06T17:46:56.214Z] [info] [charlie-a] Collecting 5 messages from convo:378dc28f3655c460697e711aad165b59
[2025-03-06T17:46:56.214Z] [info] [dave-a] Collecting 5 messages from convo:378dc28f3655c460697e711aad165b59
[2025-03-06T17:46:56.214Z] [info] [eve-a] Collecting 5 messages from convo:378dc28f3655c460697e711aad165b59
[2025-03-06T17:46:56.214Z] [info] [frank-a] Collecting 5 messages from convo:378dc28f3655c460697e711aad165b59
[2025-03-06T17:46:56.214Z] [info] [grace-a] Collecting 5 messages from convo:378dc28f3655c460697e711aad165b59
[2025-03-06T17:46:56.214Z] [info] [henry-a] Collecting 5 messages from convo:378dc28f3655c460697e711aad165b59
[2025-03-06T17:46:56.214Z] [info] [ivy-a] Collecting 5 messages from convo:378dc28f3655c460697e711aad165b59
[2025-03-06T17:46:56.214Z] [info] [jack-a] Collecting 5 messages from convo:378dc28f3655c460697e711aad165b59
[2025-03-06T17:46:56.214Z] [info] [karen-a] Collecting 5 messages from convo:378dc28f3655c460697e711aad165b59
[2025-03-06T17:46:56.214Z] [info] [larry-a] Collecting 5 messages from convo:378dc28f3655c460697e711aad165b59
[2025-03-06T17:46:56.214Z] [info] Sending message #1: gm-1-luur1ouncw
[2025-03-06T17:46:57.127Z] [info] Sending message #2: gm-2-luur1ouncw
[2025-03-06T17:46:57.927Z] [info] Sending message #3: gm-3-luur1ouncw
[2025-03-06T17:46:58.730Z] [info] Sending message #4: gm-4-luur1ouncw
[2025-03-06T17:46:59.540Z] [info] Sending message #5: gm-5-luur1ouncw
[2025-03-06T17:47:00.327Z] [info] All participants received the expected number of messages.
[2025-03-06T17:47:00.327Z] [info] allReceived true
[2025-03-06T17:47:00.330Z] [info] Expected messages pattern: gm-[1-5]-luur1ouncw
[2025-03-06T17:47:00.330Z] [info] Reception percentage: 100.00% (65/65 messages)
[2025-03-06T17:47:00.330Z] [info] Order percentage: 100.00% (13/13 personas)
[2025-03-06T17:47:07.057Z] [info] Expected messages pattern: gm-[1-5]-luur1ouncw
[2025-03-06T17:47:07.057Z] [info] Reception percentage: 100.00% (20/20 messages)
[2025-03-06T17:47:07.057Z] [info] Order percentage: 100.00% (4/4 personas)