[2025-03-10T20:52:39.177Z] [info] envPath .env
[2025-03-10T20:52:39.207Z] [info] [PersonaFactory] Using env keys for bob: 0x8224CA014be321b462E6a3684349bA30246CC884
[2025-03-10T20:52:39.209Z] [info] [PersonaFactory] Using env keys for alice: 0xB02abB07fb9bD949957AE6Ea867289187719b1F1
[2025-03-10T20:52:39.210Z] [info] [PersonaFactory] Using env keys for fabri: 0xd05fD52c941C03526e3EB84e681292089ADB377B
[2025-03-10T20:52:41.323Z] [warn] [alice-a] Create XMTP client v:6bd613d 2.108s
[2025-03-10T20:52:41.367Z] [warn] [bob-a] Create XMTP client v:6bd613d 2.152s
[2025-03-10T20:52:41.367Z] [warn] [fabri-a] Create XMTP client v:6bd613d 2.153s
[2025-03-10T20:52:41.700Z] [warn] [alice-a] Start message stream 375.035ms
[2025-03-10T20:52:41.701Z] [warn] [alice-a] Start stream 376.68ms
[2025-03-10T20:52:41.701Z] [warn] [alice-a] Initialize XMTP client 2.488s
[2025-03-10T20:52:41.775Z] [warn] [fabri-a] Start message stream 407.738ms
[2025-03-10T20:52:41.776Z] [warn] [fabri-a] Start stream 408.127ms
[2025-03-10T20:52:41.776Z] [warn] [fabri-a] Initialize XMTP client 2.562s
[2025-03-10T20:52:41.793Z] [warn] [bob-a] Start message stream 424.392ms
[2025-03-10T20:52:41.794Z] [warn] [bob-a] Start stream 425.91ms
[2025-03-10T20:52:41.794Z] [warn] [bob-a] Initialize XMTP client 2.582s
[2025-03-10T20:52:43.422Z] [info] Group created 5f326d379efaec27f4959a3b39125870
[2025-03-10T20:52:43.423Z] [info] Taking alice offline
[2025-03-10T20:52:43.423Z] [warn] [alice-a] Terminated stream
[2025-03-10T20:52:43.423Z] [info] Sending 10 messages while client is offline
[2025-03-10T20:52:44.448Z] [info] Sent message offline-msg-1-2qqd49f1
[2025-03-10T20:52:45.074Z] [info] Sent message offline-msg-2-2qqd49f1
[2025-03-10T20:52:45.622Z] [info] Sent message offline-msg-3-2qqd49f1
[2025-03-10T20:52:46.413Z] [info] Sent message offline-msg-4-2qqd49f1
[2025-03-10T20:52:47.223Z] [info] Sent message offline-msg-5-2qqd49f1
[2025-03-10T20:52:47.782Z] [info] Sent message offline-msg-6-2qqd49f1
[2025-03-10T20:52:48.601Z] [info] Sent message offline-msg-7-2qqd49f1
[2025-03-10T20:52:49.435Z] [info] Sent message offline-msg-8-2qqd49f1
[2025-03-10T20:52:50.423Z] [info] Sent message offline-msg-9-2qqd49f1
[2025-03-10T20:52:50.991Z] [info] Sent message offline-msg-10-2qqd49f1
[2025-03-10T20:52:50.991Z] [info] Reconnecting alice
[2025-03-10T20:52:53.014Z] [warn] [alice-a] Create XMTP client v:6bd613d 2.020s
[2025-03-10T20:52:53.424Z] [warn] [alice-a] Start message stream 408.699ms
[2025-03-10T20:52:53.424Z] [warn] [alice-a] Start stream 409.523ms
[2025-03-10T20:52:53.424Z] [warn] [alice-a] Initialize XMTP client 2.433s
[2025-03-10T20:52:54.419Z] [info] ["offline-msg-1-2qqd49f1","offline-msg-2-2qqd49f1","offline-msg-3-2qqd49f1","offline-msg-4-2qqd49f1","offline-msg-5-2qqd49f1","offline-msg-6-2qqd49f1","offline-msg-7-2qqd49f1","offline-msg-8-2qqd49f1","offline-msg-9-2qqd49f1","offline-msg-10-2qqd49f1"]
[2025-03-10T20:52:54.419Z] [info] Expected messages pattern: offline-msg-[1-10]-2qqd49f1
[2025-03-10T20:52:54.419Z] [info] Reception percentage: 100.00% (10/10 messages)
[2025-03-10T20:52:54.419Z] [info] Order percentage: 100.00% (1/1 personas)
[2025-03-10T20:52:54.419Z] [info] {"receptionPercentage":100,"orderPercentage":100,"personasInOrder":1,"personaCount":1,"totalReceivedMessages":10,"totalExpectedMessages":10}