[2025-03-04T14:55:54.820Z] [info] ✅ DataDog metrics initialized successfully {"apiKey":"7ca2b6ba007049aef48b949d36a49c10","defaultTags":["env:dev","test:ts_gm_bot","geo:south-america"],"flushIntervalSeconds":15}
[2025-03-04T14:55:54.842Z] [info] [PersonaFactory] Using env keys for bob: 0x57b9...
[2025-03-04T14:55:54.870Z] [warn] Creating directory /Users/fabrizioguespe/DevRel/qa-testing/.data/bob
[2025-03-04T14:55:58.836Z] [warn] [bob-a] Create XMTP client v:436360a 3.966s
[2025-03-04T14:55:59.269Z] [warn] [bob-a] Start message stream 430.907ms
[2025-03-04T14:55:59.270Z] [warn] [bob-a] Start stream 433.585ms
[2025-03-04T14:55:59.270Z] [warn] [bob-a] Initialize XMTP client 4.428s
[2025-03-04T14:55:59.271Z] [info] bob 0xfe74339Ebea36722De360fC8a3268aEaeB7657B8
[2025-03-04T14:56:05.382Z] [info] Messages before sending 1
[2025-03-04T14:56:08.162Z] [info] Messages after sending 3
[2025-03-04T14:56:08.163Z] [warn] ts_gm_bot > gm-bot: should measure sending a gm 8.890s
[2025-03-04T14:56:08.163Z] [info] metricName ts_gm_bot.gm-bot  should measure sending a gm
[2025-03-04T14:56:08.344Z] [info] Starting test
[2025-03-04T14:56:08.941Z] [warn] Slow connection detected - total: 762.795ms, TLS: 584.418ms, processing: 178.377ms
[2025-03-04T14:56:09.023Z] [info] Connected
[2025-03-04T14:56:09.217Z] [info] Navigated to GM bot
[2025-03-04T14:56:18.616Z] [info] Sending message: gm-czpz1elpt9q
[2025-03-04T14:56:18.645Z] [info] Sent message: gm-czpz1elpt9q
[2025-03-04T14:56:20.657Z] [info] Found response
[2025-03-04T14:56:20.662Z] [info] Found messages
[2025-03-04T14:56:20.664Z] [info] Received response: gm
[2025-03-04T14:56:20.680Z] [warn] ts_gm_bot > should respond to a message 12.514s
[2025-03-04T14:56:20.680Z] [info] metricName ts_gm_bot.should respond to a message undefined