[2025-03-10T19:55:37.006Z] [info] envPath .env
[2025-03-10T19:55:37.010Z] [info] [PersonaFactory] Generating new keys for bob
[2025-03-10T19:55:37.039Z] [info] [PersonaFactory] Generating new keys for alice
[2025-03-10T19:55:37.040Z] [info] [PersonaFactory] Generating new keys for fabri
[2025-03-10T19:55:37.046Z] [warn] Creating directory /Users/fabrizioguespe/DevRel/qa-testing/.data/alice
[2025-03-10T19:55:37.047Z] [warn] Creating directory /Users/fabrizioguespe/DevRel/qa-testing/.data/fabri
[2025-03-10T19:55:40.626Z] [warn] [alice-a] Create XMTP client v:6bd613d 3.579s
[2025-03-10T19:55:40.666Z] [warn] [fabri-a] Create XMTP client v:6bd613d 3.618s
[2025-03-10T19:55:40.861Z] [warn] [bob-a] Create XMTP client v:6bd613d 3.814s
[2025-03-10T19:55:41.008Z] [warn] [alice-a] Start message stream 381.639ms
[2025-03-10T19:55:41.008Z] [warn] [alice-a] Start stream 382.031ms
[2025-03-10T19:55:41.008Z] [warn] [alice-a] Initialize XMTP client 3.964s
[2025-03-10T19:55:41.055Z] [warn] [fabri-a] Start message stream 388.888ms
[2025-03-10T19:55:41.055Z] [warn] [fabri-a] Start stream 389.377ms
[2025-03-10T19:55:41.055Z] [warn] [fabri-a] Initialize XMTP client 4.010s
[2025-03-10T19:55:41.227Z] [warn] [bob-a] Start message stream 364.533ms
[2025-03-10T19:55:41.228Z] [warn] [bob-a] Start stream 366.613ms
[2025-03-10T19:55:41.228Z] [warn] [bob-a] Initialize XMTP client 4.184s
[2025-03-10T19:55:41.229Z] [info] Created 3 personas
[2025-03-10T19:55:46.712Z] [info] Group created 4086eb6d1a4c4425212ab2978aa2b2f5
[2025-03-10T19:55:46.716Z] [info] Taking alice offline
[2025-03-10T19:55:46.717Z] [info] Sending 10 messages while client is offline
[2025-03-10T19:55:58.136Z] [info] Reconnecting alice
[2025-03-10T19:56:00.238Z] [warn] [alice-a] Create XMTP client v:6bd613d 2.099s
[2025-03-10T19:56:00.631Z] [warn] [alice-a] Start message stream 391.281ms
[2025-03-10T19:56:00.631Z] [warn] [alice-a] Start stream 392.946ms
[2025-03-10T19:56:00.632Z] [warn] [alice-a] Initialize XMTP client 2.495s
[2025-03-10T19:56:05.981Z] [info] Recovery: 0/10 (0.00%)
[2025-03-10T19:56:05.984Z] [error] [vitest] Test failed in ts_offline_recovery > tc_offline_recovery: verify message recovery after disconnection {"message":"expected 0 to be greater than or equal to 95","actual":0,"expected":95,"showDiff":false,"operator":"strictEqual","name":"AssertionError","ok":false,"stack":"AssertionError: expected 0 to be greater than or equal to 95\n    at /Users/fabrizioguespe/DevRel/qa-testing/tests/offline.test.ts:116:36\n    at file:///Users/fabrizioguespe/DevRel/qa-testing/node_modules/@vitest/runner/dist/index.js:558:22"}
[2025-03-10T19:56:05.984Z] [error] Error details: expected 0 to be greater than or equal to 95
[2025-03-10T19:56:05.984Z] [error] Error stack: AssertionError: expected 0 to be greater than or equal to 95
    at /Users/fabrizioguespe/DevRel/qa-testing/tests/offline.test.ts:116:36
    at file:///Users/fabrizioguespe/DevRel/qa-testing/node_modules/@vitest/runner/dist/index.js:558:22
[2025-03-10T19:56:05.984Z] [info] The tests indicated that the test ts_offline_recovery was failure
[2025-03-10T19:56:05.984Z] [info] Successfully reported failure to Datadog