[2025-02-26T11:55:52.524Z] [info] [PersonaFactory] Creating personas: bob, alice, joe, sam, charlie, dave, eve, frank, grace, henry, ivy, jack, karen, larry for TS_Order
[2025-02-26T11:55:54.622Z] [warn] [eve] Create XMTP client v:436360a 2.052s
[2025-02-26T11:55:54.685Z] [warn] [joe] Create XMTP client v:436360a 2.115s
[2025-02-26T11:55:54.729Z] [warn] [sam] Create XMTP client v:436360a 2.159s
[2025-02-26T11:55:54.776Z] [warn] [dave] Create XMTP client v:436360a 2.206s
[2025-02-26T11:55:54.837Z] [warn] [grace] Create XMTP client v:436360a 2.267s
[2025-02-26T11:55:54.917Z] [warn] [bob] Create XMTP client v:436360a 2.347s
[2025-02-26T11:55:54.936Z] [warn] [ivy] Create XMTP client v:436360a 2.366s
[2025-02-26T11:55:54.983Z] [warn] [eve] Start message stream 359.846ms
[2025-02-26T11:55:54.983Z] [info] [eve] Message stream started
[2025-02-26T11:55:54.983Z] [warn] [eve] Start stream 360.526ms
[2025-02-26T11:55:54.983Z] [warn] [eve] Initialize XMTP client 2.417s
[2025-02-26T11:55:55.004Z] [warn] [frank] Create XMTP client v:436360a 2.434s
[2025-02-26T11:55:55.054Z] [warn] [henry] Create XMTP client v:436360a 2.484s
[2025-02-26T11:55:55.055Z] [warn] [joe] Start message stream 369.837ms
[2025-02-26T11:55:55.055Z] [info] [joe] Message stream started
[2025-02-26T11:55:55.055Z] [warn] [joe] Start stream 370.192ms
[2025-02-26T11:55:55.055Z] [warn] [joe] Initialize XMTP client 2.493s
[2025-02-26T11:55:55.071Z] [warn] [karen] Create XMTP client v:436360a 2.501s
[2025-02-26T11:55:55.091Z] [warn] [sam] Start message stream 362.254ms
[2025-02-26T11:55:55.092Z] [info] [sam] Message stream started
[2025-02-26T11:55:55.092Z] [warn] [sam] Start stream 362.706ms
[2025-02-26T11:55:55.092Z] [warn] [sam] Initialize XMTP client 2.529s
[2025-02-26T11:55:55.144Z] [warn] [dave] Start message stream 367.359ms
[2025-02-26T11:55:55.144Z] [info] [dave] Message stream started
[2025-02-26T11:55:55.144Z] [warn] [dave] Start stream 367.501ms
[2025-02-26T11:55:55.144Z] [warn] [dave] Initialize XMTP client 2.579s
[2025-02-26T11:55:55.169Z] [warn] [jack] Create XMTP client v:436360a 2.599s
[2025-02-26T11:55:55.192Z] [warn] [charlie] Create XMTP client v:436360a 2.622s
[2025-02-26T11:55:55.208Z] [warn] [grace] Start message stream 370.61ms
[2025-02-26T11:55:55.208Z] [info] [grace] Message stream started
[2025-02-26T11:55:55.208Z] [warn] [grace] Start stream 370.875ms
[2025-02-26T11:55:55.208Z] [warn] [grace] Initialize XMTP client 2.641s
[2025-02-26T11:55:55.224Z] [warn] [alice] Create XMTP client v:436360a 2.655s
[2025-02-26T11:55:55.288Z] [warn] [larry] Create XMTP client v:436360a 2.718s
[2025-02-26T11:55:55.295Z] [warn] [bob] Start message stream 377.875ms
[2025-02-26T11:55:55.296Z] [info] [bob] Message stream started
[2025-02-26T11:55:55.296Z] [warn] [bob] Start stream 379.271ms
[2025-02-26T11:55:55.297Z] [warn] [bob] Initialize XMTP client 2.763s
[2025-02-26T11:55:55.299Z] [warn] [ivy] Start message stream 362.396ms
[2025-02-26T11:55:55.299Z] [info] [ivy] Message stream started
[2025-02-26T11:55:55.299Z] [warn] [ivy] Start stream 362.954ms
[2025-02-26T11:55:55.299Z] [warn] [ivy] Initialize XMTP client 2.732s
[2025-02-26T11:55:55.376Z] [warn] [frank] Start message stream 371.816ms
[2025-02-26T11:55:55.377Z] [info] [frank] Message stream started
[2025-02-26T11:55:55.377Z] [warn] [frank] Start stream 372.757ms
[2025-02-26T11:55:55.377Z] [warn] [frank] Initialize XMTP client 2.811s
[2025-02-26T11:55:55.422Z] [warn] [henry] Start message stream 366.891ms
[2025-02-26T11:55:55.422Z] [info] [henry] Message stream started
[2025-02-26T11:55:55.422Z] [warn] [henry] Start stream 367.467ms
[2025-02-26T11:55:55.422Z] [warn] [henry] Initialize XMTP client 2.855s
[2025-02-26T11:55:55.424Z] [warn] [karen] Start message stream 352.804ms
[2025-02-26T11:55:55.424Z] [info] [karen] Message stream started
[2025-02-26T11:55:55.424Z] [warn] [karen] Start stream 353.005ms
[2025-02-26T11:55:55.424Z] [warn] [karen] Initialize XMTP client 2.856s
[2025-02-26T11:55:55.519Z] [warn] [jack] Start message stream 350.11ms
[2025-02-26T11:55:55.519Z] [info] [jack] Message stream started
[2025-02-26T11:55:55.520Z] [warn] [jack] Start stream 351.043ms
[2025-02-26T11:55:55.520Z] [warn] [jack] Initialize XMTP client 2.952s
[2025-02-26T11:55:55.559Z] [warn] [charlie] Start message stream 367.689ms
[2025-02-26T11:55:55.560Z] [info] [charlie] Message stream started
[2025-02-26T11:55:55.560Z] [warn] [charlie] Start stream 367.971ms
[2025-02-26T11:55:55.560Z] [warn] [charlie] Initialize XMTP client 2.996s
[2025-02-26T11:55:55.584Z] [warn] [alice] Start message stream 359.286ms
[2025-02-26T11:55:55.584Z] [info] [alice] Message stream started
[2025-02-26T11:55:55.585Z] [warn] [alice] Start stream 360.375ms
[2025-02-26T11:55:55.585Z] [warn] [alice] Initialize XMTP client 3.024s
[2025-02-26T11:55:55.659Z] [warn] [larry] Start message stream 370.788ms
[2025-02-26T11:55:55.659Z] [info] [larry] Message stream started
[2025-02-26T11:55:55.659Z] [warn] [larry] Start stream 371.073ms
[2025-02-26T11:55:55.659Z] [warn] [larry] Initialize XMTP client 3.090s
[2025-02-26T11:55:57.995Z] [info] Group created f33d6552ed6dd8a9f99db871fb3c1dd4
[2025-02-26T11:55:58.998Z] [info] [alice] Collecting 10 messages from convo:f33d6552ed6dd8a9f99db871fb3c1dd4
[2025-02-26T11:55:58.998Z] [info] [joe] Collecting 10 messages from convo:f33d6552ed6dd8a9f99db871fb3c1dd4
[2025-02-26T11:55:58.998Z] [info] [sam] Collecting 10 messages from convo:f33d6552ed6dd8a9f99db871fb3c1dd4
[2025-02-26T11:55:58.998Z] [info] [charlie] Collecting 10 messages from convo:f33d6552ed6dd8a9f99db871fb3c1dd4
[2025-02-26T11:55:58.998Z] [info] [dave] Collecting 10 messages from convo:f33d6552ed6dd8a9f99db871fb3c1dd4
[2025-02-26T11:55:58.998Z] [info] [eve] Collecting 10 messages from convo:f33d6552ed6dd8a9f99db871fb3c1dd4
[2025-02-26T11:55:58.998Z] [info] [frank] Collecting 10 messages from convo:f33d6552ed6dd8a9f99db871fb3c1dd4
[2025-02-26T11:55:58.998Z] [info] [grace] Collecting 10 messages from convo:f33d6552ed6dd8a9f99db871fb3c1dd4
[2025-02-26T11:55:58.998Z] [info] [henry] Collecting 10 messages from convo:f33d6552ed6dd8a9f99db871fb3c1dd4
[2025-02-26T11:55:58.998Z] [info] [ivy] Collecting 10 messages from convo:f33d6552ed6dd8a9f99db871fb3c1dd4
[2025-02-26T11:55:58.998Z] [info] [jack] Collecting 10 messages from convo:f33d6552ed6dd8a9f99db871fb3c1dd4
[2025-02-26T11:55:58.998Z] [info] [karen] Collecting 10 messages from convo:f33d6552ed6dd8a9f99db871fb3c1dd4
[2025-02-26T11:55:58.998Z] [info] [larry] Collecting 10 messages from convo:f33d6552ed6dd8a9f99db871fb3c1dd4
[2025-02-26T11:55:58.998Z] [info] Sending message #1: gm-1-fzwhtgjj2kb
[2025-02-26T11:55:59.926Z] [info] Sending message #2: gm-2-fzwhtgjj2kb
[2025-02-26T11:56:00.683Z] [info] Sending message #3: gm-3-fzwhtgjj2kb
[2025-02-26T11:56:01.436Z] [info] Sending message #4: gm-4-fzwhtgjj2kb
[2025-02-26T11:56:02.188Z] [info] Sending message #5: gm-5-fzwhtgjj2kb
[2025-02-26T11:56:02.945Z] [info] Sending message #6: gm-6-fzwhtgjj2kb
[2025-02-26T11:56:03.699Z] [info] Sending message #7: gm-7-fzwhtgjj2kb
[2025-02-26T11:56:04.468Z] [info] Sending message #8: gm-8-fzwhtgjj2kb
[2025-02-26T11:56:05.727Z] [info] Sending message #9: gm-9-fzwhtgjj2kb
[2025-02-26T11:56:06.484Z] [info] Sending message #10: gm-10-fzwhtgjj2kb
[2025-02-26T11:56:07.295Z] [info] All participants received the expected number of messages.
[2025-02-26T11:56:07.295Z] [info] allReceived true
[2025-02-26T11:56:07.296Z] [info] Messages received in order: false
[2025-02-26T11:56:09.449Z] [info] Group created 0ed7a6f4e0c4ddef5986584c6d2f1ba6
[2025-02-26T11:56:09.450Z] [warn] createGroup 2.153s