[2025-02-26T11:34:58.302Z] [info] [PersonaFactory] Creating personas: fabri, bot, elon, alice, bob, joe, charlie, dave, rosalie, eve, frank, grace, henry, ivy, jack, karen, larry, mary, nancy, oscar, paul, quinn, rachel, steve, tom, ursula, victor, wendy, xavier, yolanda, zack, adam, bella, carl, diana, eric, fiona, george, hannah, ian, julia, keith, lisa, mike, nina, oliver, penny, quentin, rosa, sam for TS_Stream_Loss
[2025-02-26T11:34:58.400Z] [warn] Creating directory /Users/fabrizioguespe/DevRel/qa-testing/.data/bot
[2025-02-26T11:34:58.400Z] [warn] Creating directory /Users/fabrizioguespe/DevRel/qa-testing/.data/charlie
[2025-02-26T11:34:58.401Z] [warn] Creating directory /Users/fabrizioguespe/DevRel/qa-testing/.data/dave
[2025-02-26T11:34:58.401Z] [warn] Creating directory /Users/fabrizioguespe/DevRel/qa-testing/.data/rosalie
[2025-02-26T11:34:58.401Z] [warn] Creating directory /Users/fabrizioguespe/DevRel/qa-testing/.data/eve
[2025-02-26T11:34:58.401Z] [warn] Creating directory /Users/fabrizioguespe/DevRel/qa-testing/.data/frank
[2025-02-26T11:34:58.401Z] [warn] Creating directory /Users/fabrizioguespe/DevRel/qa-testing/.data/grace
[2025-02-26T11:34:58.401Z] [warn] Creating directory /Users/fabrizioguespe/DevRel/qa-testing/.data/henry
[2025-02-26T11:34:58.402Z] [warn] Creating directory /Users/fabrizioguespe/DevRel/qa-testing/.data/ivy
[2025-02-26T11:34:58.402Z] [warn] Creating directory /Users/fabrizioguespe/DevRel/qa-testing/.data/jack
[2025-02-26T11:34:58.402Z] [warn] Creating directory /Users/fabrizioguespe/DevRel/qa-testing/.data/karen
[2025-02-26T11:34:58.402Z] [warn] Creating directory /Users/fabrizioguespe/DevRel/qa-testing/.data/larry
[2025-02-26T11:34:58.402Z] [warn] Creating directory /Users/fabrizioguespe/DevRel/qa-testing/.data/mary
[2025-02-26T11:34:58.402Z] [warn] Creating directory /Users/fabrizioguespe/DevRel/qa-testing/.data/nancy
[2025-02-26T11:34:58.402Z] [warn] Creating directory /Users/fabrizioguespe/DevRel/qa-testing/.data/oscar
[2025-02-26T11:34:58.403Z] [warn] Creating directory /Users/fabrizioguespe/DevRel/qa-testing/.data/paul
[2025-02-26T11:34:58.403Z] [warn] Creating directory /Users/fabrizioguespe/DevRel/qa-testing/.data/quinn
[2025-02-26T11:34:58.403Z] [warn] Creating directory /Users/fabrizioguespe/DevRel/qa-testing/.data/rachel
[2025-02-26T11:34:58.403Z] [warn] Creating directory /Users/fabrizioguespe/DevRel/qa-testing/.data/steve
[2025-02-26T11:34:58.403Z] [warn] Creating directory /Users/fabrizioguespe/DevRel/qa-testing/.data/tom
[2025-02-26T11:34:58.403Z] [warn] Creating directory /Users/fabrizioguespe/DevRel/qa-testing/.data/ursula
[2025-02-26T11:34:58.403Z] [warn] Creating directory /Users/fabrizioguespe/DevRel/qa-testing/.data/victor
[2025-02-26T11:34:58.403Z] [warn] Creating directory /Users/fabrizioguespe/DevRel/qa-testing/.data/wendy
[2025-02-26T11:34:58.403Z] [warn] Creating directory /Users/fabrizioguespe/DevRel/qa-testing/.data/xavier
[2025-02-26T11:34:58.403Z] [warn] Creating directory /Users/fabrizioguespe/DevRel/qa-testing/.data/yolanda
[2025-02-26T11:34:58.404Z] [warn] Creating directory /Users/fabrizioguespe/DevRel/qa-testing/.data/zack
[2025-02-26T11:34:58.404Z] [warn] Creating directory /Users/fabrizioguespe/DevRel/qa-testing/.data/adam
[2025-02-26T11:34:58.404Z] [warn] Creating directory /Users/fabrizioguespe/DevRel/qa-testing/.data/bella
[2025-02-26T11:34:58.404Z] [warn] Creating directory /Users/fabrizioguespe/DevRel/qa-testing/.data/carl
[2025-02-26T11:34:58.404Z] [warn] Creating directory /Users/fabrizioguespe/DevRel/qa-testing/.data/diana
[2025-02-26T11:34:58.404Z] [warn] Creating directory /Users/fabrizioguespe/DevRel/qa-testing/.data/eric
[2025-02-26T11:34:58.404Z] [warn] Creating directory /Users/fabrizioguespe/DevRel/qa-testing/.data/fiona
[2025-02-26T11:34:58.404Z] [warn] Creating directory /Users/fabrizioguespe/DevRel/qa-testing/.data/george
[2025-02-26T11:34:58.404Z] [warn] Creating directory /Users/fabrizioguespe/DevRel/qa-testing/.data/hannah
[2025-02-26T11:34:58.405Z] [warn] Creating directory /Users/fabrizioguespe/DevRel/qa-testing/.data/ian
[2025-02-26T11:34:58.405Z] [warn] Creating directory /Users/fabrizioguespe/DevRel/qa-testing/.data/julia
[2025-02-26T11:34:58.405Z] [warn] Creating directory /Users/fabrizioguespe/DevRel/qa-testing/.data/keith
[2025-02-26T11:34:58.405Z] [warn] Creating directory /Users/fabrizioguespe/DevRel/qa-testing/.data/lisa
[2025-02-26T11:34:58.406Z] [warn] Creating directory /Users/fabrizioguespe/DevRel/qa-testing/.data/mike
[2025-02-26T11:34:58.406Z] [warn] Creating directory /Users/fabrizioguespe/DevRel/qa-testing/.data/nina
[2025-02-26T11:34:58.406Z] [warn] Creating directory /Users/fabrizioguespe/DevRel/qa-testing/.data/oliver
[2025-02-26T11:34:58.406Z] [warn] Creating directory /Users/fabrizioguespe/DevRel/qa-testing/.data/penny
[2025-02-26T11:34:58.406Z] [warn] Creating directory /Users/fabrizioguespe/DevRel/qa-testing/.data/quentin
[2025-02-26T11:34:58.406Z] [warn] Creating directory /Users/fabrizioguespe/DevRel/qa-testing/.data/rosa
[2025-02-26T11:35:04.242Z] [warn] [alice] Create XMTP client v:436360a 5.841s
[2025-02-26T11:35:04.270Z] [warn] [fabri] Create XMTP client v:436360a 5.870s
[2025-02-26T11:35:04.403Z] [warn] [bob] Create XMTP client v:436360a 6.003s
[2025-02-26T11:35:04.404Z] [warn] [joe] Create XMTP client v:436360a 6.003s
[2025-02-26T11:35:04.455Z] [info] [alice] Message stream started
[2025-02-26T11:35:04.455Z] [warn] [alice] Initialize XMTP client 6.082s
[2025-02-26T11:35:04.467Z] [info] [fabri] Message stream started
[2025-02-26T11:35:04.467Z] [warn] [fabri] Initialize XMTP client 6.097s
[2025-02-26T11:35:04.649Z] [warn] [elon] Create XMTP client v:436360a 6.249s
[2025-02-26T11:35:04.785Z] [warn] [bob] Start message stream 381.146ms
[2025-02-26T11:35:04.785Z] [info] [bob] Message stream started
[2025-02-26T11:35:04.785Z] [warn] [bob] Start stream 381.387ms
[2025-02-26T11:35:04.785Z] [warn] [bob] Initialize XMTP client 6.412s
[2025-02-26T11:35:04.795Z] [warn] [joe] Start message stream 391.461ms
[2025-02-26T11:35:04.795Z] [info] [joe] Message stream started
[2025-02-26T11:35:04.795Z] [warn] [joe] Start stream 391.584ms
[2025-02-26T11:35:04.795Z] [warn] [joe] Initialize XMTP client 6.419s
[2025-02-26T11:35:05.003Z] [warn] [elon] Start message stream 353.513ms
[2025-02-26T11:35:05.003Z] [info] [elon] Message stream started
[2025-02-26T11:35:05.003Z] [warn] [elon] Start stream 353.937ms
[2025-02-26T11:35:05.003Z] [warn] [elon] Initialize XMTP client 6.631s
[2025-02-26T11:35:05.129Z] [warn] [sam] Create XMTP client v:436360a 6.723s
[2025-02-26T11:35:05.294Z] [info] [sam] Message stream started
[2025-02-26T11:35:05.294Z] [warn] [sam] Initialize XMTP client 6.895s
[2025-02-26T11:35:05.397Z] [warn] [adam] Create XMTP client v:436360a 6.993s
[2025-02-26T11:35:05.518Z] [warn] [eric] Create XMTP client v:436360a 7.114s
[2025-02-26T11:35:05.524Z] [warn] [zack] Create XMTP client v:436360a 7.121s
[2025-02-26T11:35:05.527Z] [warn] [fiona] Create XMTP client v:436360a 7.122s
[2025-02-26T11:35:05.563Z] [warn] [paul] Create XMTP client v:436360a 7.161s
[2025-02-26T11:35:05.568Z] [warn] [larry] Create XMTP client v:436360a 7.166s
[2025-02-26T11:35:05.577Z] [warn] [steve] Create XMTP client v:436360a 7.174s
[2025-02-26T11:35:05.583Z] [warn] [wendy] Create XMTP client v:436360a 7.179s
[2025-02-26T11:35:05.603Z] [warn] [eve] Create XMTP client v:436360a 7.202s
[2025-02-26T11:35:05.603Z] [warn] [xavier] Create XMTP client v:436360a 7.200s
[2025-02-26T11:35:05.604Z] [warn] [rachel] Create XMTP client v:436360a 7.201s
[2025-02-26T11:35:05.711Z] [warn] [bot] Create XMTP client v:436360a 7.311s
[2025-02-26T11:35:05.752Z] [warn] [henry] Create XMTP client v:436360a 7.351s
[2025-02-26T11:35:05.767Z] [warn] [adam] Start message stream 369.907ms
[2025-02-26T11:35:05.767Z] [info] [adam] Message stream started
[2025-02-26T11:35:05.767Z] [warn] [adam] Start stream 370.082ms
[2025-02-26T11:35:05.767Z] [warn] [adam] Initialize XMTP client 7.375s
[2025-02-26T11:35:05.771Z] [warn] [ian] Create XMTP client v:436360a 7.366s
[2025-02-26T11:35:05.797Z] [warn] [bella] Create XMTP client v:436360a 7.393s
[2025-02-26T11:35:05.872Z] [warn] [eric] Start message stream 353.842ms
[2025-02-26T11:35:05.872Z] [info] [eric] Message stream started
[2025-02-26T11:35:05.872Z] [warn] [eric] Start stream 354.149ms
[2025-02-26T11:35:05.872Z] [warn] [eric] Initialize XMTP client 7.478s
[2025-02-26T11:35:05.879Z] [warn] [fiona] Start message stream 352.325ms
[2025-02-26T11:35:05.879Z] [info] [fiona] Message stream started
[2025-02-26T11:35:05.879Z] [warn] [fiona] Start stream 352.506ms
[2025-02-26T11:35:05.879Z] [warn] [fiona] Initialize XMTP client 7.485s
[2025-02-26T11:35:05.880Z] [warn] [nancy] Create XMTP client v:436360a 7.477s
[2025-02-26T11:35:05.881Z] [warn] [zack] Start message stream 356.224ms
[2025-02-26T11:35:05.881Z] [info] [zack] Message stream started
[2025-02-26T11:35:05.881Z] [warn] [zack] Start stream 356.978ms
[2025-02-26T11:35:05.882Z] [warn] [zack] Initialize XMTP client 7.489s
[2025-02-26T11:35:05.904Z] [warn] [jack] Create XMTP client v:436360a 7.502s
[2025-02-26T11:35:05.907Z] [warn] [victor] Create XMTP client v:436360a 7.503s
[2025-02-26T11:35:05.916Z] [warn] [frank] Create XMTP client v:436360a 7.515s
[2025-02-26T11:35:05.923Z] [warn] [paul] Start message stream 359.594ms
[2025-02-26T11:35:05.923Z] [info] [paul] Message stream started
[2025-02-26T11:35:05.923Z] [warn] [paul] Start stream 359.745ms
[2025-02-26T11:35:05.923Z] [warn] [paul] Initialize XMTP client 7.535s
[2025-02-26T11:35:05.923Z] [warn] [ivy] Create XMTP client v:436360a 7.522s
[2025-02-26T11:35:05.929Z] [warn] [larry] Start message stream 360.966ms
[2025-02-26T11:35:05.929Z] [info] [larry] Message stream started
[2025-02-26T11:35:05.929Z] [warn] [larry] Start stream 361.082ms
[2025-02-26T11:35:05.929Z] [warn] [larry] Initialize XMTP client 7.544s
[2025-02-26T11:35:05.965Z] [warn] [eve] Start message stream 361.978ms
[2025-02-26T11:35:05.965Z] [info] [eve] Message stream started
[2025-02-26T11:35:05.965Z] [warn] [eve] Start stream 362.15ms
[2025-02-26T11:35:05.965Z] [warn] [eve] Initialize XMTP client 7.584s
[2025-02-26T11:35:05.967Z] [warn] [ursula] Create XMTP client v:436360a 7.564s
[2025-02-26T11:35:05.968Z] [warn] [steve] Start message stream 391.383ms
[2025-02-26T11:35:05.968Z] [info] [steve] Message stream started
[2025-02-26T11:35:05.969Z] [warn] [steve] Start stream 391.548ms
[2025-02-26T11:35:05.969Z] [warn] [steve] Initialize XMTP client 7.579s
[2025-02-26T11:35:05.969Z] [warn] [wendy] Start message stream 386.257ms
[2025-02-26T11:35:05.969Z] [info] [wendy] Message stream started
[2025-02-26T11:35:05.969Z] [warn] [wendy] Start stream 386.351ms
[2025-02-26T11:35:05.969Z] [warn] [wendy] Initialize XMTP client 7.578s
[2025-02-26T11:35:05.970Z] [warn] [rachel] Start message stream 366.137ms
[2025-02-26T11:35:05.970Z] [info] [rachel] Message stream started
[2025-02-26T11:35:05.970Z] [warn] [rachel] Start stream 366.248ms
[2025-02-26T11:35:05.970Z] [warn] [rachel] Initialize XMTP client 7.581s
[2025-02-26T11:35:05.970Z] [warn] [grace] Create XMTP client v:436360a 7.569s
[2025-02-26T11:35:05.971Z] [warn] [xavier] Start message stream 367.761ms
[2025-02-26T11:35:05.971Z] [info] [xavier] Message stream started
[2025-02-26T11:35:05.971Z] [warn] [xavier] Start stream 367.893ms
[2025-02-26T11:35:05.971Z] [warn] [xavier] Initialize XMTP client 7.580s
[2025-02-26T11:35:05.978Z] [warn] [oscar] Create XMTP client v:436360a 7.575s
[2025-02-26T11:35:05.979Z] [warn] [rosalie] Create XMTP client v:436360a 7.578s
[2025-02-26T11:35:05.980Z] [warn] [mary] Create XMTP client v:436360a 7.577s
[2025-02-26T11:35:05.986Z] [warn] [carl] Create XMTP client v:436360a 7.582s
[2025-02-26T11:35:06.005Z] [warn] [keith] Create XMTP client v:436360a 7.599s
[2025-02-26T11:35:06.012Z] [warn] [charlie] Create XMTP client v:436360a 7.611s
[2025-02-26T11:35:06.049Z] [warn] [dave] Create XMTP client v:436360a 7.649s
[2025-02-26T11:35:06.061Z] [warn] [julia] Create XMTP client v:436360a 7.656s
[2025-02-26T11:35:06.074Z] [warn] [karen] Create XMTP client v:436360a 7.672s
[2025-02-26T11:35:06.075Z] [warn] [bot] Start message stream 363.293ms
[2025-02-26T11:35:06.075Z] [info] [bot] Message stream started
[2025-02-26T11:35:06.075Z] [warn] [bot] Start stream 363.437ms
[2025-02-26T11:35:06.075Z] [warn] [bot] Initialize XMTP client 7.704s
[2025-02-26T11:35:06.101Z] [warn] [mike] Create XMTP client v:436360a 7.695s
[2025-02-26T11:35:06.111Z] [warn] [henry] Start message stream 358.868ms
[2025-02-26T11:35:06.111Z] [info] [henry] Message stream started
[2025-02-26T11:35:06.111Z] [warn] [henry] Start stream 359.038ms
[2025-02-26T11:35:06.111Z] [warn] [henry] Initialize XMTP client 7.728s
[2025-02-26T11:35:06.121Z] [warn] [quinn] Create XMTP client v:436360a 7.719s
[2025-02-26T11:35:06.124Z] [warn] [yolanda] Create XMTP client v:436360a 7.720s
[2025-02-26T11:35:06.136Z] [warn] [ian] Start message stream 364.699ms
[2025-02-26T11:35:06.136Z] [info] [ian] Message stream started
[2025-02-26T11:35:06.136Z] [warn] [ian] Start stream 364.847ms
[2025-02-26T11:35:06.136Z] [warn] [ian] Initialize XMTP client 7.740s
[2025-02-26T11:35:06.153Z] [info] [oscar] Message stream started
[2025-02-26T11:35:06.153Z] [warn] [oscar] Initialize XMTP client 7.766s
[2025-02-26T11:35:06.166Z] [warn] [bella] Start message stream 369.759ms
[2025-02-26T11:35:06.167Z] [info] [bella] Message stream started
[2025-02-26T11:35:06.167Z] [warn] [bella] Start stream 370.285ms
[2025-02-26T11:35:06.167Z] [warn] [bella] Initialize XMTP client 7.774s
[2025-02-26T11:35:06.207Z] [warn] [tom] Create XMTP client v:436360a 7.804s
[2025-02-26T11:35:06.208Z] [warn] [oliver] Create XMTP client v:436360a 7.802s
[2025-02-26T11:35:06.209Z] [warn] [lisa] Create XMTP client v:436360a 7.803s
[2025-02-26T11:35:06.239Z] [warn] [nancy] Start message stream 359.342ms
[2025-02-26T11:35:06.239Z] [info] [nancy] Message stream started
[2025-02-26T11:35:06.239Z] [warn] [nancy] Start stream 359.577ms
[2025-02-26T11:35:06.239Z] [warn] [nancy] Initialize XMTP client 7.853s
[2025-02-26T11:35:06.255Z] [warn] [george] Create XMTP client v:436360a 7.850s
[2025-02-26T11:35:06.256Z] [warn] [diana] Create XMTP client v:436360a 7.852s
[2025-02-26T11:35:06.270Z] [warn] [victor] Start message stream 363.655ms
[2025-02-26T11:35:06.270Z] [info] [victor] Message stream started
[2025-02-26T11:35:06.270Z] [warn] [victor] Start stream 363.771ms
[2025-02-26T11:35:06.270Z] [warn] [victor] Initialize XMTP client 7.880s
[2025-02-26T11:35:06.272Z] [warn] [jack] Start message stream 367.97ms
[2025-02-26T11:35:06.272Z] [info] [jack] Message stream started
[2025-02-26T11:35:06.272Z] [warn] [jack] Start stream 368.147ms
[2025-02-26T11:35:06.272Z] [warn] [jack] Initialize XMTP client 7.887s
[2025-02-26T11:35:06.291Z] [warn] [frank] Start message stream 375.069ms
[2025-02-26T11:35:06.292Z] [info] [frank] Message stream started
[2025-02-26T11:35:06.292Z] [warn] [frank] Start stream 375.192ms
[2025-02-26T11:35:06.292Z] [warn] [frank] Initialize XMTP client 7.909s
[2025-02-26T11:35:06.297Z] [warn] [ivy] Start message stream 373.678ms
[2025-02-26T11:35:06.297Z] [info] [ivy] Message stream started
[2025-02-26T11:35:06.297Z] [warn] [ivy] Start stream 373.755ms
[2025-02-26T11:35:06.297Z] [warn] [ivy] Initialize XMTP client 7.913s
[2025-02-26T11:35:06.302Z] [warn] [rosa] Create XMTP client v:436360a 7.895s
[2025-02-26T11:35:06.330Z] [warn] [ursula] Start message stream 362.165ms
[2025-02-26T11:35:06.330Z] [info] [ursula] Message stream started
[2025-02-26T11:35:06.330Z] [warn] [ursula] Start stream 362.289ms
[2025-02-26T11:35:06.330Z] [warn] [ursula] Initialize XMTP client 7.940s
[2025-02-26T11:35:06.342Z] [warn] [grace] Start message stream 372.265ms
[2025-02-26T11:35:06.342Z] [info] [grace] Message stream started
[2025-02-26T11:35:06.342Z] [warn] [grace] Start stream 372.365ms
[2025-02-26T11:35:06.342Z] [warn] [grace] Initialize XMTP client 7.959s
[2025-02-26T11:35:06.347Z] [warn] [mary] Start message stream 367.07ms
[2025-02-26T11:35:06.347Z] [info] [mary] Message stream started
[2025-02-26T11:35:06.347Z] [warn] [mary] Start stream 367.149ms
[2025-02-26T11:35:06.347Z] [warn] [mary] Initialize XMTP client 7.961s
[2025-02-26T11:35:06.352Z] [warn] [carl] Start message stream 366.412ms
[2025-02-26T11:35:06.352Z] [info] [carl] Message stream started
[2025-02-26T11:35:06.352Z] [warn] [carl] Start stream 366.52ms
[2025-02-26T11:35:06.352Z] [warn] [carl] Initialize XMTP client 7.959s
[2025-02-26T11:35:06.355Z] [warn] [rosalie] Start message stream 375.883ms
[2025-02-26T11:35:06.355Z] [info] [rosalie] Message stream started
[2025-02-26T11:35:06.355Z] [warn] [rosalie] Start stream 375.992ms
[2025-02-26T11:35:06.355Z] [warn] [rosalie] Initialize XMTP client 7.974s
[2025-02-26T11:35:06.359Z] [warn] [keith] Start message stream 353.765ms
[2025-02-26T11:35:06.359Z] [info] [keith] Message stream started
[2025-02-26T11:35:06.359Z] [warn] [keith] Start stream 353.831ms
[2025-02-26T11:35:06.359Z] [warn] [keith] Initialize XMTP client 7.962s
[2025-02-26T11:35:06.363Z] [warn] [nina] Create XMTP client v:436360a 7.957s
[2025-02-26T11:35:06.375Z] [warn] [charlie] Start message stream 363.641ms
[2025-02-26T11:35:06.375Z] [info] [charlie] Message stream started
[2025-02-26T11:35:06.376Z] [warn] [charlie] Start stream 363.727ms
[2025-02-26T11:35:06.376Z] [warn] [charlie] Initialize XMTP client 7.999s
[2025-02-26T11:35:06.414Z] [warn] [dave] Start message stream 364.547ms
[2025-02-26T11:35:06.414Z] [info] [dave] Message stream started
[2025-02-26T11:35:06.414Z] [warn] [dave] Start stream 364.652ms
[2025-02-26T11:35:06.414Z] [warn] [dave] Initialize XMTP client 8.034s
[2025-02-26T11:35:06.428Z] [warn] [karen] Start message stream 353.699ms
[2025-02-26T11:35:06.428Z] [info] [karen] Message stream started
[2025-02-26T11:35:06.428Z] [warn] [karen] Start stream 353.789ms
[2025-02-26T11:35:06.428Z] [warn] [karen] Initialize XMTP client 8.042s
[2025-02-26T11:35:06.435Z] [warn] [julia] Start message stream 373.888ms
[2025-02-26T11:35:06.435Z] [info] [julia] Message stream started
[2025-02-26T11:35:06.435Z] [warn] [julia] Start stream 373.962ms
[2025-02-26T11:35:06.435Z] [warn] [julia] Initialize XMTP client 8.039s
[2025-02-26T11:35:06.464Z] [warn] [mike] Start message stream 363.311ms
[2025-02-26T11:35:06.464Z] [info] [mike] Message stream started
[2025-02-26T11:35:06.465Z] [warn] [mike] Start stream 363.39ms
[2025-02-26T11:35:06.465Z] [warn] [mike] Initialize XMTP client 8.068s
[2025-02-26T11:35:06.474Z] [warn] [hannah] Create XMTP client v:436360a 8.070s
[2025-02-26T11:35:06.487Z] [warn] [quinn] Start message stream 365.106ms
[2025-02-26T11:35:06.487Z] [info] [quinn] Message stream started
[2025-02-26T11:35:06.487Z] [warn] [quinn] Start stream 365.202ms
[2025-02-26T11:35:06.487Z] [warn] [quinn] Initialize XMTP client 8.098s
[2025-02-26T11:35:06.492Z] [warn] [yolanda] Start message stream 367.783ms
[2025-02-26T11:35:06.492Z] [info] [yolanda] Message stream started
[2025-02-26T11:35:06.492Z] [warn] [yolanda] Start stream 367.855ms
[2025-02-26T11:35:06.492Z] [warn] [yolanda] Initialize XMTP client 8.100s
[2025-02-26T11:35:06.508Z] [warn] [quentin] Create XMTP client v:436360a 8.101s
[2025-02-26T11:35:06.540Z] [warn] [penny] Create XMTP client v:436360a 8.134s
[2025-02-26T11:35:06.568Z] [warn] [oliver] Start message stream 360.525ms
[2025-02-26T11:35:06.568Z] [info] [oliver] Message stream started
[2025-02-26T11:35:06.568Z] [warn] [oliver] Start stream 360.645ms
[2025-02-26T11:35:06.568Z] [warn] [oliver] Initialize XMTP client 8.171s
[2025-02-26T11:35:06.569Z] [warn] [lisa] Start message stream 359.911ms
[2025-02-26T11:35:06.569Z] [info] [lisa] Message stream started
[2025-02-26T11:35:06.569Z] [warn] [lisa] Start stream 359.981ms
[2025-02-26T11:35:06.569Z] [warn] [lisa] Initialize XMTP client 8.172s
[2025-02-26T11:35:06.576Z] [warn] [tom] Start message stream 369.032ms
[2025-02-26T11:35:06.576Z] [info] [tom] Message stream started
[2025-02-26T11:35:06.577Z] [warn] [tom] Start stream 369.155ms
[2025-02-26T11:35:06.577Z] [warn] [tom] Initialize XMTP client 8.187s
[2025-02-26T11:35:06.618Z] [warn] [george] Start message stream 363.158ms
[2025-02-26T11:35:06.618Z] [info] [george] Message stream started
[2025-02-26T11:35:06.618Z] [warn] [george] Start stream 363.273ms
[2025-02-26T11:35:06.618Z] [warn] [george] Initialize XMTP client 8.223s
[2025-02-26T11:35:06.621Z] [warn] [diana] Start message stream 364.735ms
[2025-02-26T11:35:06.621Z] [info] [diana] Message stream started
[2025-02-26T11:35:06.621Z] [warn] [diana] Start stream 364.848ms
[2025-02-26T11:35:06.621Z] [warn] [diana] Initialize XMTP client 8.227s
[2025-02-26T11:35:06.671Z] [warn] [rosa] Start message stream 368.483ms
[2025-02-26T11:35:06.671Z] [info] [rosa] Message stream started
[2025-02-26T11:35:06.671Z] [warn] [rosa] Start stream 368.747ms
[2025-02-26T11:35:06.671Z] [warn] [rosa] Initialize XMTP client 8.272s
[2025-02-26T11:35:06.745Z] [warn] [nina] Start message stream 381.459ms
[2025-02-26T11:35:06.745Z] [info] [nina] Message stream started
[2025-02-26T11:35:06.745Z] [warn] [nina] Start stream 382.045ms
[2025-02-26T11:35:06.745Z] [warn] [nina] Initialize XMTP client 8.348s
[2025-02-26T11:35:06.826Z] [warn] [hannah] Start message stream 351.48ms
[2025-02-26T11:35:06.826Z] [info] [hannah] Message stream started
[2025-02-26T11:35:06.826Z] [warn] [hannah] Start stream 352.127ms
[2025-02-26T11:35:06.826Z] [warn] [hannah] Initialize XMTP client 8.431s
[2025-02-26T11:35:06.877Z] [warn] [quentin] Start message stream 369.076ms
[2025-02-26T11:35:06.877Z] [info] [quentin] Message stream started
[2025-02-26T11:35:06.877Z] [warn] [quentin] Start stream 369.284ms
[2025-02-26T11:35:06.877Z] [warn] [quentin] Initialize XMTP client 8.479s
[2025-02-26T11:35:06.905Z] [warn] [penny] Start message stream 364.51ms
[2025-02-26T11:35:06.905Z] [info] [penny] Message stream started
[2025-02-26T11:35:06.905Z] [warn] [penny] Start stream 364.655ms
[2025-02-26T11:35:06.905Z] [warn] [penny] Initialize XMTP client 8.507s
[2025-02-26T11:35:06.906Z] [info] [Test] Creating group with 50 participants
[2025-02-26T11:35:10.636Z] [warn] [Test] Group creation time 3.730s
[2025-02-26T11:35:10.636Z] [info] [Test] Created group with ID: 05ca8b05893c2dcb5e0a45c3cd5c5e51
[2025-02-26T11:35:10.636Z] [info] [Test] Starting message verification
[2025-02-26T11:35:11.640Z] [info] [bot] Collecting 10 messages from convo:05ca8b05893c2dcb5e0a45c3cd5c5e51
[2025-02-26T11:35:11.640Z] [info] [elon] Collecting 10 messages from convo:05ca8b05893c2dcb5e0a45c3cd5c5e51
[2025-02-26T11:35:11.640Z] [info] [alice] Collecting 10 messages from convo:05ca8b05893c2dcb5e0a45c3cd5c5e51
[2025-02-26T11:35:11.640Z] [info] [bob] Collecting 10 messages from convo:05ca8b05893c2dcb5e0a45c3cd5c5e51
[2025-02-26T11:35:11.640Z] [info] [joe] Collecting 10 messages from convo:05ca8b05893c2dcb5e0a45c3cd5c5e51
[2025-02-26T11:35:11.640Z] [info] [charlie] Collecting 10 messages from convo:05ca8b05893c2dcb5e0a45c3cd5c5e51
[2025-02-26T11:35:11.640Z] [info] [dave] Collecting 10 messages from convo:05ca8b05893c2dcb5e0a45c3cd5c5e51
[2025-02-26T11:35:11.640Z] [info] [rosalie] Collecting 10 messages from convo:05ca8b05893c2dcb5e0a45c3cd5c5e51
[2025-02-26T11:35:11.640Z] [info] [eve] Collecting 10 messages from convo:05ca8b05893c2dcb5e0a45c3cd5c5e51
[2025-02-26T11:35:11.640Z] [info] [frank] Collecting 10 messages from convo:05ca8b05893c2dcb5e0a45c3cd5c5e51
[2025-02-26T11:35:11.640Z] [info] [grace] Collecting 10 messages from convo:05ca8b05893c2dcb5e0a45c3cd5c5e51
[2025-02-26T11:35:11.640Z] [info] [henry] Collecting 10 messages from convo:05ca8b05893c2dcb5e0a45c3cd5c5e51
[2025-02-26T11:35:11.640Z] [info] [ivy] Collecting 10 messages from convo:05ca8b05893c2dcb5e0a45c3cd5c5e51
[2025-02-26T11:35:11.640Z] [info] [jack] Collecting 10 messages from convo:05ca8b05893c2dcb5e0a45c3cd5c5e51
[2025-02-26T11:35:11.640Z] [info] [karen] Collecting 10 messages from convo:05ca8b05893c2dcb5e0a45c3cd5c5e51
[2025-02-26T11:35:11.640Z] [info] [larry] Collecting 10 messages from convo:05ca8b05893c2dcb5e0a45c3cd5c5e51
[2025-02-26T11:35:11.640Z] [info] [mary] Collecting 10 messages from convo:05ca8b05893c2dcb5e0a45c3cd5c5e51
[2025-02-26T11:35:11.640Z] [info] [nancy] Collecting 10 messages from convo:05ca8b05893c2dcb5e0a45c3cd5c5e51
[2025-02-26T11:35:11.640Z] [info] [oscar] Collecting 10 messages from convo:05ca8b05893c2dcb5e0a45c3cd5c5e51
[2025-02-26T11:35:11.640Z] [info] [paul] Collecting 10 messages from convo:05ca8b05893c2dcb5e0a45c3cd5c5e51
[2025-02-26T11:35:11.640Z] [info] [quinn] Collecting 10 messages from convo:05ca8b05893c2dcb5e0a45c3cd5c5e51
[2025-02-26T11:35:11.640Z] [info] [rachel] Collecting 10 messages from convo:05ca8b05893c2dcb5e0a45c3cd5c5e51
[2025-02-26T11:35:11.640Z] [info] [steve] Collecting 10 messages from convo:05ca8b05893c2dcb5e0a45c3cd5c5e51
[2025-02-26T11:35:11.640Z] [info] [tom] Collecting 10 messages from convo:05ca8b05893c2dcb5e0a45c3cd5c5e51
[2025-02-26T11:35:11.640Z] [info] [ursula] Collecting 10 messages from convo:05ca8b05893c2dcb5e0a45c3cd5c5e51
[2025-02-26T11:35:11.640Z] [info] [victor] Collecting 10 messages from convo:05ca8b05893c2dcb5e0a45c3cd5c5e51
[2025-02-26T11:35:11.640Z] [info] [wendy] Collecting 10 messages from convo:05ca8b05893c2dcb5e0a45c3cd5c5e51
[2025-02-26T11:35:11.641Z] [info] [xavier] Collecting 10 messages from convo:05ca8b05893c2dcb5e0a45c3cd5c5e51
[2025-02-26T11:35:11.641Z] [info] [yolanda] Collecting 10 messages from convo:05ca8b05893c2dcb5e0a45c3cd5c5e51
[2025-02-26T11:35:11.641Z] [info] [zack] Collecting 10 messages from convo:05ca8b05893c2dcb5e0a45c3cd5c5e51
[2025-02-26T11:35:11.641Z] [info] [adam] Collecting 10 messages from convo:05ca8b05893c2dcb5e0a45c3cd5c5e51
[2025-02-26T11:35:11.641Z] [info] [bella] Collecting 10 messages from convo:05ca8b05893c2dcb5e0a45c3cd5c5e51
[2025-02-26T11:35:11.641Z] [info] [carl] Collecting 10 messages from convo:05ca8b05893c2dcb5e0a45c3cd5c5e51
[2025-02-26T11:35:11.641Z] [info] [diana] Collecting 10 messages from convo:05ca8b05893c2dcb5e0a45c3cd5c5e51
[2025-02-26T11:35:11.641Z] [info] [eric] Collecting 10 messages from convo:05ca8b05893c2dcb5e0a45c3cd5c5e51
[2025-02-26T11:35:11.641Z] [info] [fiona] Collecting 10 messages from convo:05ca8b05893c2dcb5e0a45c3cd5c5e51
[2025-02-26T11:35:11.641Z] [info] [george] Collecting 10 messages from convo:05ca8b05893c2dcb5e0a45c3cd5c5e51
[2025-02-26T11:35:11.641Z] [info] [hannah] Collecting 10 messages from convo:05ca8b05893c2dcb5e0a45c3cd5c5e51
[2025-02-26T11:35:11.641Z] [info] [ian] Collecting 10 messages from convo:05ca8b05893c2dcb5e0a45c3cd5c5e51
[2025-02-26T11:35:11.641Z] [info] [julia] Collecting 10 messages from convo:05ca8b05893c2dcb5e0a45c3cd5c5e51
[2025-02-26T11:35:11.641Z] [info] [keith] Collecting 10 messages from convo:05ca8b05893c2dcb5e0a45c3cd5c5e51
[2025-02-26T11:35:11.641Z] [info] [lisa] Collecting 10 messages from convo:05ca8b05893c2dcb5e0a45c3cd5c5e51
[2025-02-26T11:35:11.641Z] [info] [mike] Collecting 10 messages from convo:05ca8b05893c2dcb5e0a45c3cd5c5e51
[2025-02-26T11:35:11.641Z] [info] [nina] Collecting 10 messages from convo:05ca8b05893c2dcb5e0a45c3cd5c5e51
[2025-02-26T11:35:11.641Z] [info] [oliver] Collecting 10 messages from convo:05ca8b05893c2dcb5e0a45c3cd5c5e51
[2025-02-26T11:35:11.641Z] [info] [penny] Collecting 10 messages from convo:05ca8b05893c2dcb5e0a45c3cd5c5e51
[2025-02-26T11:35:11.641Z] [info] [quentin] Collecting 10 messages from convo:05ca8b05893c2dcb5e0a45c3cd5c5e51
[2025-02-26T11:35:11.641Z] [info] [rosa] Collecting 10 messages from convo:05ca8b05893c2dcb5e0a45c3cd5c5e51
[2025-02-26T11:35:11.641Z] [info] [sam] Collecting 10 messages from convo:05ca8b05893c2dcb5e0a45c3cd5c5e51
[2025-02-26T11:35:11.642Z] [info] Sending message #1: gm-1-qp2ej6dnwmj
[2025-02-26T11:35:12.589Z] [warn] [Test] Message send time 946.492ms
[2025-02-26T11:35:12.589Z] [info] Sending message #2: gm-2-qp2ej6dnwmj
[2025-02-26T11:35:13.357Z] [warn] [Test] Message send time 767.091ms
[2025-02-26T11:35:13.358Z] [info] Sending message #3: gm-3-qp2ej6dnwmj
[2025-02-26T11:35:14.176Z] [warn] [Test] Message send time 818.12ms
[2025-02-26T11:35:14.177Z] [info] Sending message #4: gm-4-qp2ej6dnwmj
[2025-02-26T11:35:14.944Z] [warn] [Test] Message send time 766.955ms
[2025-02-26T11:35:14.944Z] [info] Sending message #5: gm-5-qp2ej6dnwmj
[2025-02-26T11:35:15.709Z] [warn] [Test] Message send time 764.469ms
[2025-02-26T11:35:15.710Z] [info] Sending message #6: gm-6-qp2ej6dnwmj
[2025-02-26T11:35:16.478Z] [warn] [Test] Message send time 767.595ms
[2025-02-26T11:35:16.479Z] [info] Sending message #7: gm-7-qp2ej6dnwmj
[2025-02-26T11:35:17.245Z] [warn] [Test] Message send time 765.155ms
[2025-02-26T11:35:17.245Z] [info] Sending message #8: gm-8-qp2ej6dnwmj
[2025-02-26T11:35:18.192Z] [warn] [Test] Message send time 946.873ms
[2025-02-26T11:35:18.193Z] [info] Sending message #9: gm-9-qp2ej6dnwmj
[2025-02-26T11:35:18.998Z] [warn] [Test] Message send time 805.106ms
[2025-02-26T11:35:18.999Z] [info] Sending message #10: gm-10-qp2ej6dnwmj
[2025-02-26T11:35:19.752Z] [warn] [Test] Message send time 752.896ms
[2025-02-26T11:35:19.752Z] [info] All participants received the expected number of messages.
[2025-02-26T11:35:19.752Z] [warn] [Test] Verification time 9.116s
[2025-02-26T11:35:19.752Z] [info] [Test] Total messages expected: 490, received: 490
[2025-02-26T11:35:19.752Z] [info] [Test] Percentage of messages received: 100%
[2025-02-26T11:35:20.689Z] [info] {"DNS Lookup":0.002026,"TCP Connection":0.002238,"TLS Handshake":0.537261,"Server Processing":0.704914,"Content Transfer":0.704989}
[2025-02-26T11:35:20.689Z] [warn] total: 704.989ms, tls: 537.261ms, processing: 167.72800000000007ms