
2025-05-26T19:52:35.083489Z DEBUG xmtp_db::encrypted_store::database::native::sqlcipher_connection: db @ [/Users/fabrizioguespe/DevRel/xmtp-qa-tools/.data/bot/a/0xAABeCaC8E9ecFcEAc06243fB286E14eEC3d14b97-production] exists? [true]
2025-05-26T19:52:35.083704Z DEBUG xmtp_db::encrypted_store::database::native::sqlcipher_connection: salt and database exist, db=[/Users/fabrizioguespe/DevRel/xmtp-qa-tools/.data/bot/a/0xAABeCaC8E9ecFcEAc06243fB286E14eEC3d14b97-production], salt=[/Users/fabrizioguespe/DevRel/xmtp-qa-tools/.data/bot/a/0xAABeCaC8E9ecFcEAc06243fB286E14eEC3d14b97-production.sqlcipher_salt] salt=/Users/fabrizioguespe/DevRel/xmtp-qa-tools/.data/bot/a/0xAABeCaC8E9ecFcEAc06243fB286E14eEC3d14b97-production.sqlcipher_salt db=/Users/fabrizioguespe/DevRel/xmtp-qa-tools/.data/bot/a/0xAABeCaC8E9ecFcEAc06243fB286E14eEC3d14b97-production
2025-05-26T19:52:35.083831Z  INFO xmtp_db::encrypted_store::database::native::sqlcipher_connection: db_path=[/Users/fabrizioguespe/DevRel/xmtp-qa-tools/.data/bot/a/0xAABeCaC8E9ecFcEAc06243fB286E14eEC3d14b97-production]
2025-05-26T19:52:35.084031Z DEBUG xmtp_db::encrypted_store::database::native::sqlcipher_connection: db @ [/Users/fabrizioguespe/DevRel/xmtp-qa-tools/.data/bot/a/0xAABeCaC8E9ecFcEAc06243fB286E14eEC3d14b97-production] exists? [true]
2025-05-26T19:52:35.087365Z  INFO xmtp_db::encrypted_store::database::native::sqlcipher_connection: Sqlite cipher_version="4.6.1 community", cipher_provider_version="OpenSSL 3.5.0 8 Apr 2025"
2025-05-26T19:52:35.087382Z DEBUG xmtp_db::encrypted_store::database::native::sqlcipher_connection: SQLCipher Database validated.
2025-05-26T19:52:35.104200Z DEBUG xmtp_db::encrypted_store::database::native::sqlcipher_connection: db @ [/Users/fabrizioguespe/DevRel/xmtp-qa-tools/.data/bot/a/0xAABeCaC8E9ecFcEAc06243fB286E14eEC3d14b97-production] exists? [true]
2025-05-26T19:52:35.104576Z  INFO xmtp_db::encrypted_store::database::native::sqlcipher_connection: Sqlite cipher_version="4.6.1 community", cipher_provider_version="OpenSSL 3.5.0 8 Apr 2025"
2025-05-26T19:52:35.104586Z DEBUG xmtp_db::encrypted_store::database::native::sqlcipher_connection: SQLCipher Database validated.
2025-05-26T19:52:35.104779Z  INFO xmtp_db::encrypted_store: sqlite_version=3.46.1
2025-05-26T19:52:35.104788Z  INFO xmtp_db::encrypted_store: Migrations successful
2025-05-26T19:52:35.104838Z  INFO xmtp_mls::identity: Initializing identity
2025-05-26T19:52:35.104960Z DEBUG xmtp_mls::identity: identity in store: Some(Identity { inbox_id: "606363324de4a9964a54cf29e41a452995982efea685d93a3c2bb4b2514736f9", installation_keys: XmtpInstallationCredential(SigningKey { verifying_key: VerifyingKey(CompressedEdwardsY: [67, 119, 191, 239, 150, 245, 71, 63, 173, 141, 132, 205, 109, 92, 5, 2, 167, 87, 140, 5, 33, 167, 133, 10, 26, 46, 68, 51, 57, 86, 233, 251]), EdwardsPoint{
        X: FieldElement51([372997001431551, 1904245675303319, 1707831115616899, 99400645248635, 1457203301633238]),
        Y: FieldElement51([227145358072780, 2147015400690499, 1185761631277006, 1945927062974344, 141971793807773]),
        Z: FieldElement51([423749955488677, 1498070395152095, 377406535550729, 1893784616991069, 1891554522423233]),
        T: FieldElement51([86671529133024, 1213842390402074, 1693831302142349, 1543037499913140, 820480571330652])
}), .. }), credential: Credential { credential_type: Basic, serialized_credential_content: VLBytes { 0x0a4036303633363333323464653461393936346135346366323965343161343532393935393832656665613638356439336133633262623462323531343733366639 } }, signature_request: None, is_ready: true })
2025-05-26T19:52:35.105018Z DEBUG xmtp_mls::identity: Found existing identity in store installation_id="4377bfef96f5473fad8d84cd6d5c0502a7578c0521a7850a1a2e44333956e9fb" inbox_id="606363324de4a9964a54cf29e41a452995982efea685d93a3c2bb4b2514736f9"
2025-05-26T19:52:35.105031Z DEBUG xmtp_mls::builder: Initialized identity inbox_id="606363324de4a9964a54cf29e41a452995982efea685d93a3c2bb4b2514736f9" installation_id="4377bfef96f5473fad8d84cd6d5c0502a7578c0521a7850a1a2e44333956e9fb"
2025-05-26T19:52:35.105043Z DEBUG xmtp_mls::identity_updates: Fetching identity updates for: ["606363324de4a9964a54cf29e41a452995982efea685d93a3c2bb4b2514736f9"]
2025-05-26T19:52:35.292834Z DEBUG xmtp_mls::groups::device_sync: starting sync worker inbox_id="606363324de4a9964a54cf29e41a452995982efea685d93a3c2bb4b2514736f9" installation_id="4377bfef96f5473fad8d84cd6d5c0502a7578c0521a7850a1a2e44333956e9fb"
2025-05-26T19:52:35.293136Z  INFO DEVICE SYNC: xmtp_mls::groups::device_sync::worker: Initializing device sync... url: Some("https://message-history.production.ephemera.network") inbox_id="606363324de4a9964a54cf29e41a452995982efea685d93a3c2bb4b2514736f9" installation_id="4377bfef96f5473fad8d84cd6d5c0502a7578c0521a7850a1a2e44333956e9fb"
2025-05-26T19:52:35.293887Z  INFO DEVICE SYNC: xmtp_mls::groups::device_sync::worker: Device sync initialized. inbox_id="606363324de4a9964a54cf29e41a452995982efea685d93a3c2bb4b2514736f9" installation_id="4377bfef96f5473fad8d84cd6d5c0502a7578c0521a7850a1a2e44333956e9fb"
2025-05-26T19:52:35.298250Z DEBUG sync_welcomes:sync_welcomes:query_welcome_messages{id_cursor=Some(100423042) installation_id="4377bfef96f5473fad8d84cd6d5c0502a7578c0521a7850a1a2e44333956e9fb"}: xmtp_api::mls: query welcomes installation_id="4377bfef96f5473fad8d84cd6d5c0502a7578c0521a7850a1a2e44333956e9fb" cursor=100423042
[2025-05-26T19:52:35.299Z] [info] env production
[2025-05-26T19:52:35.302Z] [debug] [
  "bot-a 0xAABeCaC8E9ecFcEAc06243fB286E14eEC3d14b97 210-46e9b60"
]
2025-05-26T19:52:35.303097Z DEBUG xmtp_db::encrypted_store::association_state: Loaded association state from cache: 606363324de4a9964a54cf29e41a452995982efea685d93a3c2bb4b2514736f9 316924
[2025-05-26T19:52:35.303Z] [info] Syncing conversations...
2025-05-26T19:52:35.304832Z DEBUG sync_welcomes:sync_welcomes:query_welcome_messages{id_cursor=Some(100423042) installation_id="4377bfef96f5473fad8d84cd6d5c0502a7578c0521a7850a1a2e44333956e9fb"}: xmtp_api::mls: query welcomes installation_id="4377bfef96f5473fad8d84cd6d5c0502a7578c0521a7850a1a2e44333956e9fb" cursor=100423042
2025-05-26T19:52:35.490697Z DEBUG sync_welcomes:sync_welcomes:create_from_welcome:transaction:inner_transaction: xmtp_db::xmtp_openmls_provider: Transaction beginning
2025-05-26T19:52:35.490798Z  INFO sync_welcomes:sync_welcomes:create_from_welcome:transaction:inner_transaction: xmtp_mls::groups::mls_ext::mls_ext_welcome: Trying to decrypt welcome
2025-05-26T19:52:35.490990Z DEBUG sync_welcomes:sync_welcomes:create_from_welcome:transaction:inner_transaction: xmtp_db::xmtp_openmls_provider: Transaction beginning
2025-05-26T19:52:35.491041Z  WARN sync_welcomes:sync_welcomes:create_from_welcome:transaction:inner_transaction: xmtp_db::encrypted_store::database::native: already in transaction, acquiring lock..
2025-05-26T19:52:35.491063Z DEBUG sync_welcomes:sync_welcomes:create_from_welcome:transaction:inner_transaction: xmtp_db::xmtp_openmls_provider: Transaction being rolled back
2025-05-26T19:52:35.491127Z ERROR sync_welcomes:sync_welcomes: xmtp_mls::groups::welcome_sync: failed to create group from welcome: Hpke error: Key not found
2025-05-26T19:52:35.491189Z  INFO sync_welcomes:sync_welcomes:create_from_welcome:transaction:inner_transaction: xmtp_mls::groups::mls_ext::mls_ext_welcome: Trying to decrypt welcome
2025-05-26T19:52:35.491393Z DEBUG sync_welcomes:sync_welcomes:create_from_welcome:transaction:inner_transaction: xmtp_db::xmtp_openmls_provider: Transaction being rolled back
2025-05-26T19:52:35.491449Z ERROR sync_welcomes:sync_welcomes: xmtp_mls::groups::welcome_sync: failed to create group from welcome: Hpke error: Key not found
[2025-05-26T19:52:35.492Z] [info] 
        ██╗  ██╗███╗   ███╗████████╗██████╗ 
        ╚██╗██╔╝████╗ ████║╚══██╔══╝██╔══██╗
         ╚███╔╝ ██╔████╔██║   ██║   ██████╔╝
         ██╔██╗ ██║╚██╔╝██║   ██║   ██╔═══╝ 
        ██╔╝ ██╗██║ ╚═╝ ██║   ██║   ██║     
        ╚═╝  ╚═╝╚═╝     ╚═╝   ╚═╝   ╚═╝     
      
[2025-05-26T19:52:35.494Z] [info] Waiting for messages...
2025-05-26T19:52:35.495879Z DEBUG sync_welcomes:sync_welcomes:query_welcome_messages{id_cursor=Some(100423042) installation_id="4377bfef96f5473fad8d84cd6d5c0502a7578c0521a7850a1a2e44333956e9fb"}: xmtp_api::mls: query welcomes installation_id="4377bfef96f5473fad8d84cd6d5c0502a7578c0521a7850a1a2e44333956e9fb" cursor=100423042
2025-05-26T19:52:35.496459Z DEBUG stream_all_messages: xmtp_mls::subscriptions: stream all messages inbox_id="606363324de4a9964a54cf29e41a452995982efea685d93a3c2bb4b2514736f9" installation_id=4377bfef96f5473fad8d84cd6d5c0502a7578c0521a7850a1a2e44333956e9fb conversation_type=None
2025-05-26T19:52:35.496684Z DEBUG stream_all_messages:sync_welcomes:query_welcome_messages{id_cursor=Some(100423042) installation_id="4377bfef96f5473fad8d84cd6d5c0502a7578c0521a7850a1a2e44333956e9fb"}: xmtp_api::mls: query welcomes installation_id="4377bfef96f5473fad8d84cd6d5c0502a7578c0521a7850a1a2e44333956e9fb" cursor=100423042
[2025-05-26T19:52:35.500Z] [info] 
    ✓ XMTP Client:
    • Address: 0xaabecac8e9ecfceac06243fb286e14eec3d14b97
    • Conversations: 2
    • InboxId: 606363324de4a9964a54cf29e41a452995982efea685d93a3c2bb4b2514736f9
    • Networks: production
    • URL: http://xmtp.chat/dm/0xaabecac8e9ecfceac06243fb286e14eec3d14b97
2025-05-26T19:52:35.684676Z DEBUG sync_welcomes:sync_welcomes:create_from_welcome:transaction:inner_transaction: xmtp_db::xmtp_openmls_provider: Transaction beginning
2025-05-26T19:52:35.684821Z  INFO sync_welcomes:sync_welcomes:create_from_welcome:transaction:inner_transaction: xmtp_mls::groups::mls_ext::mls_ext_welcome: Trying to decrypt welcome
2025-05-26T19:52:35.684984Z DEBUG sync_welcomes:sync_welcomes:create_from_welcome:transaction:inner_transaction: xmtp_db::xmtp_openmls_provider: Transaction being rolled back
2025-05-26T19:52:35.685060Z ERROR sync_welcomes:sync_welcomes: xmtp_mls::groups::welcome_sync: failed to create group from welcome: Hpke error: Key not found
2025-05-26T19:52:35.685513Z DEBUG stream_all_messages: xmtp_mls::subscriptions: stream all messages inbox_id="606363324de4a9964a54cf29e41a452995982efea685d93a3c2bb4b2514736f9" installation_id=4377bfef96f5473fad8d84cd6d5c0502a7578c0521a7850a1a2e44333956e9fb conversation_type=None
2025-05-26T19:52:35.685704Z DEBUG stream_all_messages:sync_welcomes:query_welcome_messages{id_cursor=Some(100423042) installation_id="4377bfef96f5473fad8d84cd6d5c0502a7578c0521a7850a1a2e44333956e9fb"}: xmtp_api::mls: query welcomes installation_id="4377bfef96f5473fad8d84cd6d5c0502a7578c0521a7850a1a2e44333956e9fb" cursor=100423042
2025-05-26T19:52:35.691514Z DEBUG stream_all_messages:sync_welcomes:create_from_welcome:transaction:inner_transaction: xmtp_db::xmtp_openmls_provider: Transaction beginning
2025-05-26T19:52:35.691599Z  INFO stream_all_messages:sync_welcomes:create_from_welcome:transaction:inner_transaction: xmtp_mls::groups::mls_ext::mls_ext_welcome: Trying to decrypt welcome
2025-05-26T19:52:35.691715Z DEBUG stream_all_messages:sync_welcomes:create_from_welcome:transaction:inner_transaction: xmtp_db::xmtp_openmls_provider: Transaction being rolled back
2025-05-26T19:52:35.691764Z ERROR stream_all_messages:sync_welcomes: xmtp_mls::groups::welcome_sync: failed to create group from welcome: Hpke error: Key not found
2025-05-26T19:52:35.694210Z DEBUG stream_all_messages: xmtp_mls::subscriptions::stream_conversations: Setting up conversation stream cursor = 100423042 cursor=100423042 inbox_id="606363324de4a9964a54cf29e41a452995982efea685d93a3c2bb4b2514736f9"
2025-05-26T19:52:35.694263Z DEBUG stream_all_messages: xmtp_api::mls: subscribing to welcome messages
2025-05-26T19:52:35.870646Z DEBUG stream_all_messages:sync_welcomes:create_from_welcome:transaction:inner_transaction: xmtp_db::xmtp_openmls_provider: Transaction beginning
2025-05-26T19:52:35.870750Z  INFO stream_all_messages:sync_welcomes:create_from_welcome:transaction:inner_transaction: xmtp_mls::groups::mls_ext::mls_ext_welcome: Trying to decrypt welcome
2025-05-26T19:52:35.870911Z DEBUG stream_all_messages:sync_welcomes:create_from_welcome:transaction:inner_transaction: xmtp_db::xmtp_openmls_provider: Transaction being rolled back
2025-05-26T19:52:35.870970Z ERROR stream_all_messages:sync_welcomes: xmtp_mls::groups::welcome_sync: failed to create group from welcome: Hpke error: Key not found
2025-05-26T19:52:35.873078Z DEBUG stream_all_messages: xmtp_mls::subscriptions::stream_conversations: Setting up conversation stream cursor = 100423042 cursor=100423042 inbox_id="606363324de4a9964a54cf29e41a452995982efea685d93a3c2bb4b2514736f9"
2025-05-26T19:52:35.873138Z DEBUG stream_all_messages: xmtp_api::mls: subscribing to welcome messages
2025-05-26T19:52:35.883713Z DEBUG stream_all_messages: xmtp_mls::subscriptions::stream_messages: setting up messages subscription
2025-05-26T19:52:35.883826Z DEBUG stream_all_messages:query_latest_group_message{group_id="5115f906ebf66dccda86259d8359b534"}: xmtp_api::mls: query latest group message group_id="5115f906ebf66dccda86259d8359b534"
2025-05-26T19:52:35.884356Z DEBUG stream_all_messages:query_latest_group_message{group_id="2d1aaf0154331abdaac3e7eb6ea6ed33"}: xmtp_api::mls: query latest group message group_id="2d1aaf0154331abdaac3e7eb6ea6ed33"
2025-05-26T19:52:35.884387Z DEBUG stream_all_messages:query_latest_group_message{group_id="b5f7f14ef8c15d50b0bab78fcb542c05"}: xmtp_api::mls: query latest group message group_id="b5f7f14ef8c15d50b0bab78fcb542c05"
2025-05-26T19:52:36.063481Z DEBUG stream_all_messages: xmtp_mls::subscriptions::stream_messages: setting up messages subscription
2025-05-26T19:52:36.063538Z DEBUG stream_all_messages:query_latest_group_message{group_id="5115f906ebf66dccda86259d8359b534"}: xmtp_api::mls: query latest group message group_id="5115f906ebf66dccda86259d8359b534"
2025-05-26T19:52:36.063581Z DEBUG stream_all_messages:query_latest_group_message{group_id="b5f7f14ef8c15d50b0bab78fcb542c05"}: xmtp_api::mls: query latest group message group_id="b5f7f14ef8c15d50b0bab78fcb542c05"
2025-05-26T19:52:36.063606Z DEBUG stream_all_messages:query_latest_group_message{group_id="2d1aaf0154331abdaac3e7eb6ea6ed33"}: xmtp_api::mls: query latest group message group_id="2d1aaf0154331abdaac3e7eb6ea6ed33"
2025-05-26T19:52:36.070694Z DEBUG stream_all_messages: xmtp_mls::subscriptions::stream_messages: subscribed to group 0x5115...b534 at 3569591
2025-05-26T19:52:36.070725Z DEBUG stream_all_messages: xmtp_mls::subscriptions::stream_messages: subscribed to group 0x2d1a...ed33 at 3569989
2025-05-26T19:52:36.070735Z DEBUG stream_all_messages: xmtp_mls::subscriptions::stream_messages: subscribed to group 0xb5f7...2c05 at 3569994
2025-05-26T19:52:36.070745Z DEBUG stream_all_messages: xmtp_api::mls: subscribing to group messages
2025-05-26T19:52:36.257632Z  INFO stream_all_messages: xmtp_mls::subscriptions::stream_messages: stream_messages ready
2025-05-26T19:52:36.257656Z DEBUG stream_all_messages: xmtp_mls::subscriptions::stream_messages: subscribed to group 0x5115...b534 at 3569591
2025-05-26T19:52:36.257662Z DEBUG stream_all_messages: xmtp_mls::subscriptions::stream_messages: subscribed to group 0xb5f7...2c05 at 3569994
2025-05-26T19:52:36.257665Z DEBUG stream_all_messages: xmtp_mls::subscriptions::stream_messages: subscribed to group 0x2d1a...ed33 at 3569989
2025-05-26T19:52:36.257667Z DEBUG stream_all_messages: xmtp_api::mls: subscribing to group messages
2025-05-26T19:52:36.257668Z DEBUG process: xmtp_mls::subscriptions::process_welcome: got welcome with id 100425166
2025-05-26T19:52:36.257693Z  INFO process: xmtp_mls::subscriptions::process_welcome: could not find group for welcome 100425166, processing
2025-05-26T19:52:36.257697Z  INFO process: xmtp_mls::subscriptions::process_welcome: Trying to process streamed welcome installation_id="4377bfef96f5473fad8d84cd6d5c0502a7578c0521a7850a1a2e44333956e9fb" welcome_id=100425166
2025-05-26T19:52:36.257742Z DEBUG process:sync_welcomes:query_welcome_messages{id_cursor=Some(100423042) installation_id="4377bfef96f5473fad8d84cd6d5c0502a7578c0521a7850a1a2e44333956e9fb"}: xmtp_api::mls: query welcomes installation_id="4377bfef96f5473fad8d84cd6d5c0502a7578c0521a7850a1a2e44333956e9fb" cursor=100423042
2025-05-26T19:52:36.449050Z  INFO stream_all_messages: xmtp_mls::subscriptions::stream_messages: stream_messages ready
2025-05-26T19:52:36.449120Z DEBUG process: xmtp_mls::subscriptions::process_welcome: got welcome with id 100425166
2025-05-26T19:52:36.449132Z  INFO process: xmtp_mls::subscriptions::process_welcome: could not find group for welcome 100425166, processing
2025-05-26T19:52:36.449179Z  INFO process: xmtp_mls::subscriptions::process_welcome: Trying to process streamed welcome installation_id="4377bfef96f5473fad8d84cd6d5c0502a7578c0521a7850a1a2e44333956e9fb" welcome_id=100425166
2025-05-26T19:52:36.449317Z DEBUG process:sync_welcomes:query_welcome_messages{id_cursor=Some(100423042) installation_id="4377bfef96f5473fad8d84cd6d5c0502a7578c0521a7850a1a2e44333956e9fb"}: xmtp_api::mls: query welcomes installation_id="4377bfef96f5473fad8d84cd6d5c0502a7578c0521a7850a1a2e44333956e9fb" cursor=100423042
2025-05-26T19:52:36.458420Z DEBUG process:sync_welcomes:create_from_welcome:transaction:inner_transaction: xmtp_db::xmtp_openmls_provider: Transaction beginning
2025-05-26T19:52:36.458467Z  INFO process:sync_welcomes:create_from_welcome:transaction:inner_transaction: xmtp_mls::groups::mls_ext::mls_ext_welcome: Trying to decrypt welcome
2025-05-26T19:52:36.458534Z DEBUG process:sync_welcomes:create_from_welcome:transaction:inner_transaction: xmtp_db::xmtp_openmls_provider: Transaction being rolled back
2025-05-26T19:52:36.458555Z ERROR process:sync_welcomes: xmtp_mls::groups::welcome_sync: failed to create group from welcome: Hpke error: Key not found
2025-05-26T19:52:36.458712Z  WARN bindings_node::conversations: [received] message error, swallowing to continue stream inbox_id="606363324de4a9964a54cf29e41a452995982efea685d93a3c2bb4b2514736f9" error=NotFound(GroupByWelcome(100425166))
2025-05-26T19:52:36.646832Z DEBUG process:sync_welcomes:create_from_welcome:transaction:inner_transaction: xmtp_db::xmtp_openmls_provider: Transaction beginning
2025-05-26T19:52:36.646932Z  INFO process:sync_welcomes:create_from_welcome:transaction:inner_transaction: xmtp_mls::groups::mls_ext::mls_ext_welcome: Trying to decrypt welcome
2025-05-26T19:52:36.647088Z DEBUG process:sync_welcomes:create_from_welcome:transaction:inner_transaction: xmtp_db::xmtp_openmls_provider: Transaction being rolled back
2025-05-26T19:52:36.647144Z ERROR process:sync_welcomes: xmtp_mls::groups::welcome_sync: failed to create group from welcome: Hpke error: Key not found
2025-05-26T19:52:36.647261Z  WARN bindings_node::conversations: [received] message error, swallowing to continue stream inbox_id="606363324de4a9964a54cf29e41a452995982efea685d93a3c2bb4b2514736f9" error=NotFound(GroupByWelcome(100425166))
