[2025-03-03T13:27:28.171Z] [info] envPath /Users/fabrizioguespe/DevRel/qa-testing/bugs/panic_bug_account/.env
[2025-03-03T13:27:28.173Z] [info] [PersonaFactory] Using env keys for bug2: 0xfb19...
[2025-03-03T13:27:28.174Z] [info] [PersonaFactory] Using env keys for bug: 0xed8a...
[2025-03-03T13:27:28.174Z] [info] [PersonaFactory] Using env keys for bob: 0x31c7...
[2025-03-03T13:27:30.317Z] [warn] [bug2-a] Create XMTP client v:436360a 2.111s
[2025-03-03T13:27:30.489Z] [warn] [bug-a] Create XMTP client v:436360a 2.283s
[2025-03-03T13:27:30.604Z] [warn] [bob-a] Create XMTP client v:436360a 2.397s
[2025-03-03T13:27:30.746Z] [warn] [bug2-a] Start message stream 427.27ms
[2025-03-03T13:27:30.747Z] [warn] [bug2-a] Start stream 429.164ms
[2025-03-03T13:27:30.748Z] [warn] [bug2-a] Initialize XMTP client 2.572s
[2025-03-03T13:27:31.015Z] [warn] [bob-a] Start message stream 410.647ms
[2025-03-03T13:27:31.015Z] [warn] [bob-a] Start stream 410.994ms
[2025-03-03T13:27:31.015Z] [warn] [bob-a] Initialize XMTP client 2.811s
[2025-03-03T13:27:31.337Z] [warn] [bug-a] Start message stream 847.038ms
[2025-03-03T13:27:31.337Z] [warn] [bug-a] Start stream 848.118ms
[2025-03-03T13:27:31.337Z] [warn] [bug-a] Initialize XMTP client 3.135s
[2025-03-03T13:27:31.338Z] [info] bug2 0x2B092ED3bD04D544b67474Ca37f4aC0bB0D9f47c
[2025-03-03T13:27:31.338Z] [info] bug 0xc9925662D36DE3e1bF0fD64e779B2e5F0Aead964
[2025-03-03T13:27:31.338Z] [info] bob 0x96e34774c524aa159d0c910d0bB37fe702A4dA61
[2025-03-03T13:27:34.077Z] [info] bug2 has 7 installations
[2025-03-03T13:27:36.407Z] [info] bug has 0 installations
[2025-03-03T13:27:38.216Z] [info] bob has 1 installations
[2025-03-03T13:27:38.706Z] [info] convoWithBug2 8792c8a37cc031b3ed3df29ff56ed218
[2025-03-03T13:27:39.278Z] [info] Conversation found
[2025-03-03T13:27:39.279Z] [info] messagesfrombug2 2
[2025-03-03T13:27:40.239Z] [info] messagesfrombug22 2